Final Result = 329.5/450.0
Automark = 83.5% (29.224999999999998 / 35), DN
1. Player Movement

Test 1-1: Test the player can move down
SUCCESS DONE

Test 1-2: Test the player can move up
FAILED due to timeout...

Test 1-3: Test the player can move left
SUCCESS DONE

Test 1-4: Test the player can move right
SUCCESS DONE

2. Interface Methods

Test 2-1: Testing newGame interface method normal operation
SUCCESS DONE

Test 2-2: Testing newGame on a nonexistent dungeon
SUCCESS DONE

Test 2-3: Testing tick interface method normal operation
SUCCESS DONE

Test 2-4: Testing tick with an unusable item in the inventory
SUCCESS DONE

Test 2-5: Testing tick with an item that is not in the player's inventory
SUCCESS DONE

3. Boulders

Test 3-1: Test pushing a boulder
SUCCESS DONE

Test 3-2: Test attempting to push a boulder into a wall
SUCCESS DONE

Test 3-3: Test the player is unable to push two boulders
SUCCESS DONE

4. Doors & Keys

Test 4-1: Test player cannot walk through a closed door
SUCCESS DONE

Test 4-2: Test player can pick up a key and add to inventory
SUCCESS DONE

Test 4-3: Test player can use a key to open and walk through a door
SUCCESS DONE

Test 4-4: Test player cannot pickup two keys at the same time
SUCCESS DONE

Test 4-5: Test player can pick up a second key after using the first
SUCCESS DONE

Test 4-6: Test player cannot open a door with the wrong key
SUCCESS DONE

Test 4-7: Test doors remain open and the player can move through the door without a key
SUCCESS DONE

5. Buildable Entities

Test 5-1: Test IllegalArgumentException is raised when attempting to build an unknown entity - sword
SUCCESS DONE

Test 5-2: Test InvalidActionException is raised when the player does not have sufficient items to build a bow or shield
SUCCESS DONE

Test 5-3: Test building a bow
SUCCESS DONE

Test 5-4: Test building a shield with a key
SUCCESS DONE

Test 5-5: Test building a shield with treasure
SUCCESS DONE

Test 5-6: Test DungeonResponse buildables parameter is a list of buildable item types that the player can build with their current inventory
SUCCESS DONE

6. Potions

Test 6-1: Test invincibility potion can be picked up and consumed
SUCCESS DONE

Test 6-2: Test invisibility potion can be picked up and consumed
SUCCESS DONE

Test 6-3: Test the effects of the invincibility potion only last for a limited time
SUCCESS DONE

Test 6-4: Test the effects of the invisibility potion only last for a limited time
SUCCESS DONE

Test 6-5: Test invincibility potions do not change spider movement
SUCCESS DONE

Test 6-6: Test invincibility potions cause zombies to run away
SUCCESS DONE

Test 6-7: Test invincibility potions cause mercenaries to run away
SUCCESS DONE

Test 6-8: Test when the effects of a second potion are 'queued' and will take place the tick following the previous potion wearing off
PotionsTest > Test when the effects of a second potion are 'queued' and will take place the tick following the previous potion wearing off FAILED org.opentest4j.AssertionFailedError: expected: <1> but was: <0> at app//org.junit.jupiter.api.AssertionUtils.fail(AssertionUtils.java:55) at app//org.junit.jupiter.api.AssertionUtils.failNotEqual(AssertionUtils.java:62) at app//org.junit.jupiter.api.AssertEquals.assertEquals(AssertEquals.java:150) at app//org.junit.jupiter.api.AssertEquals.assertEquals(AssertEquals.java:145) at app//org.junit.jupiter.api.Assertions.assertEquals(Assertions.java:527) at app//dungeonmania.automarking.PotionsTest.potionQueuing(PotionsTest.java:286) FAILURE DONE 1 test completed, 1 failed FAILURE: Build failed with an exception. Assumptions_milestone3.pdf FRONTEND.md Project-lifecycle-Ticket.pdf Project_life_cycle_milestone_3.pdf README.md SETUP.md Testing_Plan.pdf Testing_plan_milestone_3.pdf assumptions.pdf build build.gradle config_template.json credits.md extract_coverage.sh gradle gradlew gradlew.bat images planning Milestone 3.pdf planning.pdf setup src uml_diagram.pdf uml_diagram_milestone_3.pdf What went wrong: Execution failed for task ':test'. > There were failing tests. See the report at: file:///H18A_ECLAIR/build/reports/tests/test/index.html Assumptions_milestone3.pdf FRONTEND.md Project-lifecycle-Ticket.pdf Project_life_cycle_milestone_3.pdf README.md SETUP.md Testing_Plan.pdf Testing_plan_milestone_3.pdf assumptions.pdf build build.gradle config_template.json credits.md extract_coverage.sh gradle gradlew gradlew.bat images planning Milestone 3.pdf planning.pdf setup src uml_diagram.pdf uml_diagram_milestone_3.pdf Try: > Run with --stacktrace option to get the stack trace. > Run with --info or --debug option to get more log output. > Run with --scan to get full insights. Assumptions_milestone3.pdf FRONTEND.md Project-lifecycle-Ticket.pdf Project_life_cycle_milestone_3.pdf README.md SETUP.md Testing_Plan.pdf Testing_plan_milestone_3.pdf assumptions.pdf build build.gradle config_template.json credits.md extract_coverage.sh gradle gradlew gradlew.bat images planning Milestone 3.pdf planning.pdf setup src uml_diagram.pdf uml_diagram_milestone_3.pdf Get more help at https://help.gradle.org BUILD FAILED in 13s

7. Portals

Test 7-1: Test portals work both ways
SUCCESS DONE

Test 7-2: Test player cannot teleport into a wall
SUCCESS DONE

Test 7-3: Test portal has no affect on spiders
SUCCESS DONE

Test 7-4: Test portal has no affect on zombies
SUCCESS DONE

Test 7-5: Test portal matching when there are multiple portals
SUCCESS DONE

Test 7-6: Test chain teleporting between multiple portals
SUCCESS DONE

8. Bombs

Test 8-1: Test picking up a bomb removes the bomb from the map and adds the bomb to the inventory
SUCCESS DONE

Test 8-2: Test placing a bomb removes it from the inventory and places it on the map at the character's location
SUCCESS DONE

Test 8-3: Test placing a bomb on a map diagonally adjacent to an active switch will not cause the bomb to detonate
SUCCESS DONE

Test 8-4: Test placing a bomb on a map cardinally adjacent to an active switch causes the bomb to detonate removing surrounding entities except for the player
SUCCESS DONE

Test 8-5: Test placing a bomb on a map cardinally adjacent to an inactive switch and then activating the switch causes the bomb to detonate removing surrounding entities except for the player
SUCCESS DONE

Test 8-6: Test placing a bomb cardinally adjacent to an inactive switch does not cause the bomb to explode
SUCCESS DONE

Test 8-7: Test surrounding entities are removed when placing a bomb next to an active switch with config file bomb radius set to 2
SUCCESS DONE

Test 8-8: Test surrounding entities are removed when placing a bomb next to an active switch with config file bomb radius set to 10
SUCCESS DONE

9. Spiders

Test 9-1: Test basic movement of spiders
SUCCESS DONE

Test 9-2: Test spiders can traverse through walls
SUCCESS DONE

Test 9-3: Test spiders can traverse through switches doors and exits
SUCCESS DONE

Test 9-4: Test spiders cannot move through boulders and reverses direction
SUCCESS DONE

Test 9-5: Test spider_spawn_rate = 0 in config file
SUCCESS DONE

Test 9-6: Test spider_spawn_rate = 1 5 10 in config file
SpiderTest > Test spider_spawn_rate = 1, 5, 10 in config file FAILED org.opentest4j.AssertionFailedError: expected: <0> but was: <1> at app//org.junit.jupiter.api.AssertionUtils.fail(AssertionUtils.java:55) at app//org.junit.jupiter.api.AssertionUtils.failNotEqual(AssertionUtils.java:62) at app//org.junit.jupiter.api.AssertEquals.assertEquals(AssertEquals.java:150) at app//org.junit.jupiter.api.AssertEquals.assertEquals(AssertEquals.java:145) at app//org.junit.jupiter.api.Assertions.assertEquals(Assertions.java:527) at app//dungeonmania.automarking.SpiderTest.spawnRate(SpiderTest.java:163) FAILURE DONE 1 test completed, 1 failed FAILURE: Build failed with an exception. Assumptions_milestone3.pdf FRONTEND.md Project-lifecycle-Ticket.pdf Project_life_cycle_milestone_3.pdf README.md SETUP.md Testing_Plan.pdf Testing_plan_milestone_3.pdf assumptions.pdf build build.gradle config_template.json credits.md extract_coverage.sh gradle gradlew gradlew.bat images planning Milestone 3.pdf planning.pdf setup src uml_diagram.pdf uml_diagram_milestone_3.pdf What went wrong: Execution failed for task ':test'. > There were failing tests. See the report at: file:///H18A_ECLAIR/build/reports/tests/test/index.html Assumptions_milestone3.pdf FRONTEND.md Project-lifecycle-Ticket.pdf Project_life_cycle_milestone_3.pdf README.md SETUP.md Testing_Plan.pdf Testing_plan_milestone_3.pdf assumptions.pdf build build.gradle config_template.json credits.md extract_coverage.sh gradle gradlew gradlew.bat images planning Milestone 3.pdf planning.pdf setup src uml_diagram.pdf uml_diagram_milestone_3.pdf Try: > Run with --stacktrace option to get the stack trace. > Run with --info or --debug option to get more log output. > Run with --scan to get full insights. Assumptions_milestone3.pdf FRONTEND.md Project-lifecycle-Ticket.pdf Project_life_cycle_milestone_3.pdf README.md SETUP.md Testing_Plan.pdf Testing_plan_milestone_3.pdf assumptions.pdf build build.gradle config_template.json credits.md extract_coverage.sh gradle gradlew gradlew.bat images planning Milestone 3.pdf planning.pdf setup src uml_diagram.pdf uml_diagram_milestone_3.pdf Get more help at https://help.gradle.org BUILD FAILED in 14s

10. Zombies

Test 10-1: Testing zombies movement
SUCCESS DONE

Test 10-2: Testing zombies cannot move through doors and walls
SUCCESS DONE

Test 10-3: Testing zombie spawners spawn zombies every x ticks
ZombieTest > Testing zombie spawners spawn zombies every x ticks FAILED org.opentest4j.AssertionFailedError: expected: <0> but was: <1> at app//org.junit.jupiter.api.AssertionUtils.fail(AssertionUtils.java:55) at app//org.junit.jupiter.api.AssertionUtils.failNotEqual(AssertionUtils.java:62) at app//org.junit.jupiter.api.AssertEquals.assertEquals(AssertEquals.java:150) at app//org.junit.jupiter.api.AssertEquals.assertEquals(AssertEquals.java:145) at app//org.junit.jupiter.api.Assertions.assertEquals(Assertions.java:527) at app//dungeonmania.automarking.ZombieTest.toastSpawnXTicks(ZombieTest.java:70) FAILURE DONE 1 test completed, 1 failed FAILURE: Build failed with an exception. Assumptions_milestone3.pdf FRONTEND.md Project-lifecycle-Ticket.pdf Project_life_cycle_milestone_3.pdf README.md SETUP.md Testing_Plan.pdf Testing_plan_milestone_3.pdf assumptions.pdf build build.gradle config_template.json credits.md extract_coverage.sh gradle gradlew gradlew.bat images planning Milestone 3.pdf planning.pdf setup src uml_diagram.pdf uml_diagram_milestone_3.pdf What went wrong: Execution failed for task ':test'. > There were failing tests. See the report at: file:///H18A_ECLAIR/build/reports/tests/test/index.html Assumptions_milestone3.pdf FRONTEND.md Project-lifecycle-Ticket.pdf Project_life_cycle_milestone_3.pdf README.md SETUP.md Testing_Plan.pdf Testing_plan_milestone_3.pdf assumptions.pdf build build.gradle config_template.json credits.md extract_coverage.sh gradle gradlew gradlew.bat images planning Milestone 3.pdf planning.pdf setup src uml_diagram.pdf uml_diagram_milestone_3.pdf Try: > Run with --stacktrace option to get the stack trace. > Run with --info or --debug option to get more log output. > Run with --scan to get full insights. Assumptions_milestone3.pdf FRONTEND.md Project-lifecycle-Ticket.pdf Project_life_cycle_milestone_3.pdf README.md SETUP.md Testing_Plan.pdf Testing_plan_milestone_3.pdf assumptions.pdf build build.gradle config_template.json credits.md extract_coverage.sh gradle gradlew gradlew.bat images planning Milestone 3.pdf planning.pdf setup src uml_diagram.pdf uml_diagram_milestone_3.pdf Get more help at https://help.gradle.org BUILD FAILED in 13s

Test 10-4: Testing that a dungeon with 2 spawners spawns 2 zombies at a time
ZombieTest > Testing that a dungeon with 2 spawners, spawns 2 zombies at a time FAILED org.opentest4j.AssertionFailedError: expected: <0> but was: <2> at app//org.junit.jupiter.api.AssertionUtils.fail(AssertionUtils.java:55) at app//org.junit.jupiter.api.AssertionUtils.failNotEqual(AssertionUtils.java:62) at app//org.junit.jupiter.api.AssertEquals.assertEquals(AssertEquals.java:150) at app//org.junit.jupiter.api.AssertEquals.assertEquals(AssertEquals.java:145) at app//org.junit.jupiter.api.Assertions.assertEquals(Assertions.java:527) at app//dungeonmania.automarking.ZombieTest.multipleToastSpawn(ZombieTest.java:98) FAILURE DONE 1 test completed, 1 failed FAILURE: Build failed with an exception. Assumptions_milestone3.pdf FRONTEND.md Project-lifecycle-Ticket.pdf Project_life_cycle_milestone_3.pdf README.md SETUP.md Testing_Plan.pdf Testing_plan_milestone_3.pdf assumptions.pdf build build.gradle config_template.json credits.md extract_coverage.sh gradle gradlew gradlew.bat images planning Milestone 3.pdf planning.pdf setup src uml_diagram.pdf uml_diagram_milestone_3.pdf What went wrong: Execution failed for task ':test'. > There were failing tests. See the report at: file:///H18A_ECLAIR/build/reports/tests/test/index.html Assumptions_milestone3.pdf FRONTEND.md Project-lifecycle-Ticket.pdf Project_life_cycle_milestone_3.pdf README.md SETUP.md Testing_Plan.pdf Testing_plan_milestone_3.pdf assumptions.pdf build build.gradle config_template.json credits.md extract_coverage.sh gradle gradlew gradlew.bat images planning Milestone 3.pdf planning.pdf setup src uml_diagram.pdf uml_diagram_milestone_3.pdf Try: > Run with --stacktrace option to get the stack trace. > Run with --info or --debug option to get more log output. > Run with --scan to get full insights. Assumptions_milestone3.pdf FRONTEND.md Project-lifecycle-Ticket.pdf Project_life_cycle_milestone_3.pdf README.md SETUP.md Testing_Plan.pdf Testing_plan_milestone_3.pdf assumptions.pdf build build.gradle config_template.json credits.md extract_coverage.sh gradle gradlew gradlew.bat images planning Milestone 3.pdf planning.pdf setup src uml_diagram.pdf uml_diagram_milestone_3.pdf Get more help at https://help.gradle.org BUILD FAILED in 52s

Test 10-5: Testing zombie toast spawners spawn zombies in cardinally adjacent open squares
SUCCESS DONE

Test 10-6: Testing zombie toast spawners won't spawn zombies if there are no cardinally adjacent open squares
SUCCESS DONE

Test 10-7: Testing destroying a zombie toast spawner
ZombieTest > Testing destroying a zombie toast spawner FAILED org.opentest4j.AssertionFailedError: Expected dungeonmania.exceptions.InvalidActionException to be thrown, but nothing was thrown. at app//org.junit.jupiter.api.AssertThrows.assertThrows(AssertThrows.java:71) at app//org.junit.jupiter.api.AssertThrows.assertThrows(AssertThrows.java:37) at app//org.junit.jupiter.api.Assertions.assertThrows(Assertions.java:3082) at app//dungeonmania.automarking.ZombieTest.toastDestruction(ZombieTest.java:150) FAILURE DONE 1 test completed, 1 failed FAILURE: Build failed with an exception. Assumptions_milestone3.pdf FRONTEND.md Project-lifecycle-Ticket.pdf Project_life_cycle_milestone_3.pdf README.md SETUP.md Testing_Plan.pdf Testing_plan_milestone_3.pdf assumptions.pdf build build.gradle config_template.json credits.md extract_coverage.sh gradle gradlew gradlew.bat images planning Milestone 3.pdf planning.pdf setup src uml_diagram.pdf uml_diagram_milestone_3.pdf What went wrong: Execution failed for task ':test'. > There were failing tests. See the report at: file:///H18A_ECLAIR/build/reports/tests/test/index.html Assumptions_milestone3.pdf FRONTEND.md Project-lifecycle-Ticket.pdf Project_life_cycle_milestone_3.pdf README.md SETUP.md Testing_Plan.pdf Testing_plan_milestone_3.pdf assumptions.pdf build build.gradle config_template.json credits.md extract_coverage.sh gradle gradlew gradlew.bat images planning Milestone 3.pdf planning.pdf setup src uml_diagram.pdf uml_diagram_milestone_3.pdf Try: > Run with --stacktrace option to get the stack trace. > Run with --info or --debug option to get more log output. > Run with --scan to get full insights. Assumptions_milestone3.pdf FRONTEND.md Project-lifecycle-Ticket.pdf Project_life_cycle_milestone_3.pdf README.md SETUP.md Testing_Plan.pdf Testing_plan_milestone_3.pdf assumptions.pdf build build.gradle config_template.json credits.md extract_coverage.sh gradle gradlew gradlew.bat images planning Milestone 3.pdf planning.pdf setup src uml_diagram.pdf uml_diagram_milestone_3.pdf Get more help at https://help.gradle.org BUILD FAILED in 12s

11. Battles

Test 11-1: Test player battles spider and player dies
SUCCESS DONE

Test 11-2: Test player battles spider and spider dies
SUCCESS DONE

Test 11-3: Test player battles zombie and player dies
SUCCESS DONE

Test 11-4: Test player battles zombie and zombie dies
SUCCESS DONE

Test 11-5: Test player battles mercenary and player dies
SUCCESS DONE

Test 11-6: Test player battles mercenary and mercenary dies
SUCCESS DONE

Test 11-7: Test player wins a battle against a spider with an invinicibility potion
BattleTest > Test player wins a battle against a spider with an invinicibility potion FAILED org.opentest4j.AssertionFailedError: expected: <true> but was: <false> at app//org.junit.jupiter.api.AssertionUtils.fail(AssertionUtils.java:55) at app//org.junit.jupiter.api.AssertTrue.assertTrue(AssertTrue.java:40) at app//org.junit.jupiter.api.AssertTrue.assertTrue(AssertTrue.java:35) at app//org.junit.jupiter.api.Assertions.assertTrue(Assertions.java:179) at app//dungeonmania.automarking.BattleTest.testPlayerWinsSpiderBattleWithInvincibilityPotion(BattleTest.java:151) FAILURE DONE 1 test completed, 1 failed FAILURE: Build failed with an exception. Assumptions_milestone3.pdf FRONTEND.md Project-lifecycle-Ticket.pdf Project_life_cycle_milestone_3.pdf README.md SETUP.md Testing_Plan.pdf Testing_plan_milestone_3.pdf assumptions.pdf build build.gradle config_template.json credits.md extract_coverage.sh gradle gradlew gradlew.bat images planning Milestone 3.pdf planning.pdf setup src uml_diagram.pdf uml_diagram_milestone_3.pdf What went wrong: Execution failed for task ':test'. > There were failing tests. See the report at: file:///H18A_ECLAIR/build/reports/tests/test/index.html Assumptions_milestone3.pdf FRONTEND.md Project-lifecycle-Ticket.pdf Project_life_cycle_milestone_3.pdf README.md SETUP.md Testing_Plan.pdf Testing_plan_milestone_3.pdf assumptions.pdf build build.gradle config_template.json credits.md extract_coverage.sh gradle gradlew gradlew.bat images planning Milestone 3.pdf planning.pdf setup src uml_diagram.pdf uml_diagram_milestone_3.pdf Try: > Run with --stacktrace option to get the stack trace. > Run with --info or --debug option to get more log output. > Run with --scan to get full insights. Assumptions_milestone3.pdf FRONTEND.md Project-lifecycle-Ticket.pdf Project_life_cycle_milestone_3.pdf README.md SETUP.md Testing_Plan.pdf Testing_plan_milestone_3.pdf assumptions.pdf build build.gradle config_template.json credits.md extract_coverage.sh gradle gradlew gradlew.bat images planning Milestone 3.pdf planning.pdf setup src uml_diagram.pdf uml_diagram_milestone_3.pdf Get more help at https://help.gradle.org BUILD FAILED in 14s

Test 11-8: Test player wins a battle against a zombie with an invincibility potion
BattleTest > Test player wins a battle against a zombie with an invincibility potion FAILED org.opentest4j.AssertionFailedError: expected: <true> but was: <false> at app//org.junit.jupiter.api.AssertionUtils.fail(AssertionUtils.java:55) at app//org.junit.jupiter.api.AssertTrue.assertTrue(AssertTrue.java:40) at app//org.junit.jupiter.api.AssertTrue.assertTrue(AssertTrue.java:35) at app//org.junit.jupiter.api.Assertions.assertTrue(Assertions.java:179) at app//dungeonmania.automarking.BattleTest.testPlayerWinsZombieBattleWithInvincibilityPotion(BattleTest.java:183) FAILURE DONE 1 test completed, 1 failed FAILURE: Build failed with an exception. Assumptions_milestone3.pdf FRONTEND.md Project-lifecycle-Ticket.pdf Project_life_cycle_milestone_3.pdf README.md SETUP.md Testing_Plan.pdf Testing_plan_milestone_3.pdf assumptions.pdf build build.gradle config_template.json credits.md extract_coverage.sh gradle gradlew gradlew.bat images planning Milestone 3.pdf planning.pdf setup src uml_diagram.pdf uml_diagram_milestone_3.pdf What went wrong: Execution failed for task ':test'. > There were failing tests. See the report at: file:///H18A_ECLAIR/build/reports/tests/test/index.html Assumptions_milestone3.pdf FRONTEND.md Project-lifecycle-Ticket.pdf Project_life_cycle_milestone_3.pdf README.md SETUP.md Testing_Plan.pdf Testing_plan_milestone_3.pdf assumptions.pdf build build.gradle config_template.json credits.md extract_coverage.sh gradle gradlew gradlew.bat images planning Milestone 3.pdf planning.pdf setup src uml_diagram.pdf uml_diagram_milestone_3.pdf Try: > Run with --stacktrace option to get the stack trace. > Run with --info or --debug option to get more log output. > Run with --scan to get full insights. Assumptions_milestone3.pdf FRONTEND.md Project-lifecycle-Ticket.pdf Project_life_cycle_milestone_3.pdf README.md SETUP.md Testing_Plan.pdf Testing_plan_milestone_3.pdf assumptions.pdf build build.gradle config_template.json credits.md extract_coverage.sh gradle gradlew gradlew.bat images planning Milestone 3.pdf planning.pdf setup src uml_diagram.pdf uml_diagram_milestone_3.pdf Get more help at https://help.gradle.org BUILD FAILED in 13s

Test 11-9: Test a player wins a battle against a mercenary with an invincibility potion
BattleTest > Test a player wins a battle against a mercenary with an invincibility potion FAILED org.opentest4j.AssertionFailedError: expected: <true> but was: <false> at app//org.junit.jupiter.api.AssertionUtils.fail(AssertionUtils.java:55) at app//org.junit.jupiter.api.AssertTrue.assertTrue(AssertTrue.java:40) at app//org.junit.jupiter.api.AssertTrue.assertTrue(AssertTrue.java:35) at app//org.junit.jupiter.api.Assertions.assertTrue(Assertions.java:179) at app//dungeonmania.automarking.BattleTest.testPlayerWinsMercenaryBattleWithInvincibilityPotion(BattleTest.java:218) FAILURE DONE 1 test completed, 1 failed FAILURE: Build failed with an exception. Assumptions_milestone3.pdf FRONTEND.md Project-lifecycle-Ticket.pdf Project_life_cycle_milestone_3.pdf README.md SETUP.md Testing_Plan.pdf Testing_plan_milestone_3.pdf assumptions.pdf build build.gradle config_template.json credits.md extract_coverage.sh gradle gradlew gradlew.bat images planning Milestone 3.pdf planning.pdf setup src uml_diagram.pdf uml_diagram_milestone_3.pdf What went wrong: Execution failed for task ':test'. > There were failing tests. See the report at: file:///H18A_ECLAIR/build/reports/tests/test/index.html Assumptions_milestone3.pdf FRONTEND.md Project-lifecycle-Ticket.pdf Project_life_cycle_milestone_3.pdf README.md SETUP.md Testing_Plan.pdf Testing_plan_milestone_3.pdf assumptions.pdf build build.gradle config_template.json credits.md extract_coverage.sh gradle gradlew gradlew.bat images planning Milestone 3.pdf planning.pdf setup src uml_diagram.pdf uml_diagram_milestone_3.pdf Try: > Run with --stacktrace option to get the stack trace. > Run with --info or --debug option to get more log output. > Run with --scan to get full insights. Assumptions_milestone3.pdf FRONTEND.md Project-lifecycle-Ticket.pdf Project_life_cycle_milestone_3.pdf README.md SETUP.md Testing_Plan.pdf Testing_plan_milestone_3.pdf assumptions.pdf build build.gradle config_template.json credits.md extract_coverage.sh gradle gradlew gradlew.bat images planning Milestone 3.pdf planning.pdf setup src uml_diagram.pdf uml_diagram_milestone_3.pdf Get more help at https://help.gradle.org BUILD FAILED in 13s

Test 11-10: Test the player battles three enemies consecutively and defeats them
SUCCESS DONE

Test 11-11: Test basic health calculations spider - player wins
SUCCESS DONE

Test 11-12: Test basic health calculations zombie - player wins
SUCCESS DONE

Test 11-13: Test basic health calculations mercenary - player wins
SUCCESS DONE

Test 11-14: Test basic health calculations spider - player loses
SUCCESS DONE

Test 11-15: Test basic health calculations zombie - player loses
SUCCESS DONE

Test 11-16: Test basic health calculations mercenary - player loses
SUCCESS DONE

Test 11-17: Test attack twice with bow - spider
SUCCESS DONE

Test 11-18: Test shield reduces enemy attack
SUCCESS DONE

Test 11-19: Test bow durability
SUCCESS DONE

Test 11-20: Test shield durability
SUCCESS DONE

Test 11-21: Test sword increases attack damage
SUCCESS DONE

Test 11-22: Test sword durability
SUCCESS DONE

12. Mercenaries

Test 12-1: Test mercenary in line with Player moves towards them
SUCCESS DONE

Test 12-2: Test mercenary stops if they cannot move any closer to the player
SUCCESS DONE

Test 12-3: Test mercenaries can not move through closed doors
SUCCESS DONE

Test 12-4: Test mercenary moves around a wall to get to the player
SUCCESS DONE

Test 12-5: Testing a mercenary can be bribed with a certain amount
SUCCESS DONE

Test 12-6: Testing a mercenary can be bribed within a radius
SUCCESS DONE

Test 12-7: Testing an allied mercenary does not battle the player
SUCCESS DONE

Test 12-8: Testing an allied mercenary follows the Player around occupying the square the player was previously in
SUCCESS DONE

13. Basic Goals

Test 13-1: Test achieving a basic exit goal
SUCCESS DONE

Test 13-2: Test achieving a basic enemy goal
SUCCESS DONE

Test 13-3: Test achieving a basic enemy goal with spawners
BasicGoalsTest > Test achieving a basic enemy goal with spawners FAILED org.opentest4j.AssertionFailedError: expected: <> but was: <:enemies> at app//org.junit.jupiter.api.AssertionUtils.fail(AssertionUtils.java:55) at app//org.junit.jupiter.api.AssertionUtils.failNotEqual(AssertionUtils.java:62) at app//org.junit.jupiter.api.AssertEquals.assertEquals(AssertEquals.java:182) at app//org.junit.jupiter.api.AssertEquals.assertEquals(AssertEquals.java:177) at app//org.junit.jupiter.api.Assertions.assertEquals(Assertions.java:1141) at app//dungeonmania.automarking.BasicGoalsTest.spawner(BasicGoalsTest.java:87) FAILURE DONE 1 test completed, 1 failed FAILURE: Build failed with an exception. Assumptions_milestone3.pdf FRONTEND.md Project-lifecycle-Ticket.pdf Project_life_cycle_milestone_3.pdf README.md SETUP.md Testing_Plan.pdf Testing_plan_milestone_3.pdf assumptions.pdf build build.gradle config_template.json credits.md extract_coverage.sh gradle gradlew gradlew.bat images planning Milestone 3.pdf planning.pdf setup src uml_diagram.pdf uml_diagram_milestone_3.pdf What went wrong: Execution failed for task ':test'. > There were failing tests. See the report at: file:///H18A_ECLAIR/build/reports/tests/test/index.html Assumptions_milestone3.pdf FRONTEND.md Project-lifecycle-Ticket.pdf Project_life_cycle_milestone_3.pdf README.md SETUP.md Testing_Plan.pdf Testing_plan_milestone_3.pdf assumptions.pdf build build.gradle config_template.json credits.md extract_coverage.sh gradle gradlew gradlew.bat images planning Milestone 3.pdf planning.pdf setup src uml_diagram.pdf uml_diagram_milestone_3.pdf Try: > Run with --stacktrace option to get the stack trace. > Run with --info or --debug option to get more log output. > Run with --scan to get full insights. Assumptions_milestone3.pdf FRONTEND.md Project-lifecycle-Ticket.pdf Project_life_cycle_milestone_3.pdf README.md SETUP.md Testing_Plan.pdf Testing_plan_milestone_3.pdf assumptions.pdf build build.gradle config_template.json credits.md extract_coverage.sh gradle gradlew gradlew.bat images planning Milestone 3.pdf planning.pdf setup src uml_diagram.pdf uml_diagram_milestone_3.pdf Get more help at https://help.gradle.org BUILD FAILED in 13s

Test 13-4: Test achieving a basic boulders goal
SUCCESS DONE

Test 13-5: Test achieving a boulders goal where there are five switches
SUCCESS DONE

Test 13-6: Test achieving a basic treasure goal
SUCCESS DONE

14. Complex Goals

Test 14-1: Testing a map with 4 conjunction goal
SUCCESS DONE

Test 14-2: Testing a map with 4 disjunction goal
ComplexGoalsTest > Testing a map with 4 disjunction goal FAILED org.opentest4j.AssertionFailedError: expected: <> but was: <( ( :exit OR :treasure ) OR ( :boulders OR :enemies ) )> at app//org.junit.jupiter.api.AssertionUtils.fail(AssertionUtils.java:55) at app//org.junit.jupiter.api.AssertionUtils.failNotEqual(AssertionUtils.java:62) at app//org.junit.jupiter.api.AssertEquals.assertEquals(AssertEquals.java:182) at app//org.junit.jupiter.api.AssertEquals.assertEquals(AssertEquals.java:177) at app//org.junit.jupiter.api.Assertions.assertEquals(Assertions.java:1141) at app//dungeonmania.automarking.ComplexGoalsTest.orAll(ComplexGoalsTest.java:70) FAILURE DONE 1 test completed, 1 failed FAILURE: Build failed with an exception. Assumptions_milestone3.pdf FRONTEND.md Project-lifecycle-Ticket.pdf Project_life_cycle_milestone_3.pdf README.md SETUP.md Testing_Plan.pdf Testing_plan_milestone_3.pdf assumptions.pdf build build.gradle config_template.json credits.md extract_coverage.sh gradle gradlew gradlew.bat images planning Milestone 3.pdf planning.pdf setup src uml_diagram.pdf uml_diagram_milestone_3.pdf What went wrong: Execution failed for task ':test'. > There were failing tests. See the report at: file:///H18A_ECLAIR/build/reports/tests/test/index.html Assumptions_milestone3.pdf FRONTEND.md Project-lifecycle-Ticket.pdf Project_life_cycle_milestone_3.pdf README.md SETUP.md Testing_Plan.pdf Testing_plan_milestone_3.pdf assumptions.pdf build build.gradle config_template.json credits.md extract_coverage.sh gradle gradlew gradlew.bat images planning Milestone 3.pdf planning.pdf setup src uml_diagram.pdf uml_diagram_milestone_3.pdf Try: > Run with --stacktrace option to get the stack trace. > Run with --info or --debug option to get more log output. > Run with --scan to get full insights. Assumptions_milestone3.pdf FRONTEND.md Project-lifecycle-Ticket.pdf Project_life_cycle_milestone_3.pdf README.md SETUP.md Testing_Plan.pdf Testing_plan_milestone_3.pdf assumptions.pdf build build.gradle config_template.json credits.md extract_coverage.sh gradle gradlew gradlew.bat images planning Milestone 3.pdf planning.pdf setup src uml_diagram.pdf uml_diagram_milestone_3.pdf Get more help at https://help.gradle.org BUILD FAILED in 13s

Test 14-3: Testing a map with mixed conjunction/disjunction goal
SUCCESS DONE

Test 14-4: Testing that the exit goal must be achieved last in EXIT and TREASURE
SUCCESS DONE

Test 14-5: Testing that the exit goal must be achieved last in ENEMIES and EXIT and TREASURE
SUCCESS DONE

Test 14-6: Testing a switch goal can be achieved and then become unachieved
ComplexGoalsTest > Testing a switch goal can be achieved and then become unachieved FAILED org.opentest4j.AssertionFailedError: expected: <true> but was: <false> at app//org.junit.jupiter.api.AssertionUtils.fail(AssertionUtils.java:55) at app//org.junit.jupiter.api.AssertTrue.assertTrue(AssertTrue.java:40) at app//org.junit.jupiter.api.AssertTrue.assertTrue(AssertTrue.java:35) at app//org.junit.jupiter.api.Assertions.assertTrue(Assertions.java:179) at app//dungeonmania.automarking.ComplexGoalsTest.switchUnachieved(ComplexGoalsTest.java:194) FAILURE DONE 1 test completed, 1 failed FAILURE: Build failed with an exception. Assumptions_milestone3.pdf FRONTEND.md Project-lifecycle-Ticket.pdf Project_life_cycle_milestone_3.pdf README.md SETUP.md Testing_Plan.pdf Testing_plan_milestone_3.pdf assumptions.pdf build build.gradle config_template.json credits.md extract_coverage.sh gradle gradlew gradlew.bat images planning Milestone 3.pdf planning.pdf setup src uml_diagram.pdf uml_diagram_milestone_3.pdf What went wrong: Execution failed for task ':test'. > There were failing tests. See the report at: file:///H18A_ECLAIR/build/reports/tests/test/index.html Assumptions_milestone3.pdf FRONTEND.md Project-lifecycle-Ticket.pdf Project_life_cycle_milestone_3.pdf README.md SETUP.md Testing_Plan.pdf Testing_plan_milestone_3.pdf assumptions.pdf build build.gradle config_template.json credits.md extract_coverage.sh gradle gradlew gradlew.bat images planning Milestone 3.pdf planning.pdf setup src uml_diagram.pdf uml_diagram_milestone_3.pdf Try: > Run with --stacktrace option to get the stack trace. > Run with --info or --debug option to get more log output. > Run with --scan to get full insights. Assumptions_milestone3.pdf FRONTEND.md Project-lifecycle-Ticket.pdf Project_life_cycle_milestone_3.pdf README.md SETUP.md Testing_Plan.pdf Testing_plan_milestone_3.pdf assumptions.pdf build build.gradle config_template.json credits.md extract_coverage.sh gradle gradlew gradlew.bat images planning Milestone 3.pdf planning.pdf setup src uml_diagram.pdf uml_diagram_milestone_3.pdf Get more help at https://help.gradle.org BUILD FAILED in 11s

15. Bosses

Test 15-1: Testing an assassin in line with Player moves towards them
SUCCESS DONE

Test 15-2: Test assassins can not move through walls and closed doors
SUCCESS DONE

Test 15-3: Testing bribing an assassin with 0 fail rate
BossTest > Testing bribing an assassin with 0 fail rate FAILED org.opentest4j.AssertionFailedError: Unexpected exception thrown: java.lang.NumberFormatException: For input string: "0.0" at app//org.junit.jupiter.api.AssertDoesNotThrow.createAssertionFailedError(AssertDoesNotThrow.java:83) at app//org.junit.jupiter.api.AssertDoesNotThrow.assertDoesNotThrow(AssertDoesNotThrow.java:76) at app//org.junit.jupiter.api.AssertDoesNotThrow.assertDoesNotThrow(AssertDoesNotThrow.java:59) at app//org.junit.jupiter.api.Assertions.assertDoesNotThrow(Assertions.java:3195) at app//dungeonmania.automarkingM3.BossTest.testAssassinBribeSuccess(BossTest.java:73) Caused by: java.lang.NumberFormatException: For input string: "0.0" at java.base/java.lang.NumberFormatException.forInputString(NumberFormatException.java:65) at java.base/java.lang.Integer.parseInt(Integer.java:652) at java.base/java.lang.Integer.parseInt(Integer.java:770) at dungeonmania.Dungeon.getConfigValue(Dungeon.java:221) at dungeonmania.Entities.MovingEntities.Enemies.Assassin.doesAssassinGetBribed(Assassin.java:64) at dungeonmania.Entities.MovingEntities.Enemies.Assassin.interactionWithAPlayer(Assassin.java:43) at dungeonmania.Entities.MovingEntities.Enemies.Mercenary.interact(Mercenary.java:94) at dungeonmania.Dungeon.interact(Dungeon.java:409) at dungeonmania.DungeonManiaController.interact(DungeonManiaController.java:82) at dungeonmania.automarkingM3.BossTest.lambda$testAssassinBribeSuccess$0(BossTest.java:73) at org.junit.jupiter.api.AssertDoesNotThrow.assertDoesNotThrow(AssertDoesNotThrow.java:72) ... 3 more FAILURE DONE 1 test completed, 1 failed FAILURE: Build failed with an exception. Assumptions_milestone3.pdf FRONTEND.md Project-lifecycle-Ticket.pdf Project_life_cycle_milestone_3.pdf README.md SETUP.md Testing_Plan.pdf Testing_plan_milestone_3.pdf assumptions.pdf build build.gradle config_template.json credits.md extract_coverage.sh gradle gradlew gradlew.bat images planning Milestone 3.pdf planning.pdf setup src uml_diagram.pdf uml_diagram_milestone_3.pdf What went wrong: Execution failed for task ':test'. > There were failing tests. See the report at: file:///H18A_ECLAIR/build/reports/tests/test/index.html Assumptions_milestone3.pdf FRONTEND.md Project-lifecycle-Ticket.pdf Project_life_cycle_milestone_3.pdf README.md SETUP.md Testing_Plan.pdf Testing_plan_milestone_3.pdf assumptions.pdf build build.gradle config_template.json credits.md extract_coverage.sh gradle gradlew gradlew.bat images planning Milestone 3.pdf planning.pdf setup src uml_diagram.pdf uml_diagram_milestone_3.pdf Try: > Run with --stacktrace option to get the stack trace. > Run with --info or --debug option to get more log output. > Run with --scan to get full insights. Assumptions_milestone3.pdf FRONTEND.md Project-lifecycle-Ticket.pdf Project_life_cycle_milestone_3.pdf README.md SETUP.md Testing_Plan.pdf Testing_plan_milestone_3.pdf assumptions.pdf build build.gradle config_template.json credits.md extract_coverage.sh gradle gradlew gradlew.bat images planning Milestone 3.pdf planning.pdf setup src uml_diagram.pdf uml_diagram_milestone_3.pdf Get more help at https://help.gradle.org BUILD FAILED in 14s

Test 15-4: Testing bribing an assassin with 100% fail rate
BossTest > Testing bribing an assassin with 100% fail rate FAILED org.opentest4j.AssertionFailedError: Unexpected exception thrown: java.lang.NumberFormatException: For input string: "1.0" at app//org.junit.jupiter.api.AssertDoesNotThrow.createAssertionFailedError(AssertDoesNotThrow.java:83) at app//org.junit.jupiter.api.AssertDoesNotThrow.assertDoesNotThrow(AssertDoesNotThrow.java:76) at app//org.junit.jupiter.api.AssertDoesNotThrow.assertDoesNotThrow(AssertDoesNotThrow.java:59) at app//org.junit.jupiter.api.Assertions.assertDoesNotThrow(Assertions.java:3195) at app//dungeonmania.automarkingM3.BossTest.testAssassinBribeFail(BossTest.java:104) Caused by: java.lang.NumberFormatException: For input string: "1.0" at java.base/java.lang.NumberFormatException.forInputString(NumberFormatException.java:65) at java.base/java.lang.Integer.parseInt(Integer.java:652) at java.base/java.lang.Integer.parseInt(Integer.java:770) at dungeonmania.Dungeon.getConfigValue(Dungeon.java:221) at dungeonmania.Entities.MovingEntities.Enemies.Assassin.doesAssassinGetBribed(Assassin.java:64) at dungeonmania.Entities.MovingEntities.Enemies.Assassin.interactionWithAPlayer(Assassin.java:43) at dungeonmania.Entities.MovingEntities.Enemies.Mercenary.interact(Mercenary.java:94) at dungeonmania.Dungeon.interact(Dungeon.java:409) at dungeonmania.DungeonManiaController.interact(DungeonManiaController.java:82) at dungeonmania.automarkingM3.BossTest.lambda$testAssassinBribeFail$1(BossTest.java:104) at org.junit.jupiter.api.AssertDoesNotThrow.assertDoesNotThrow(AssertDoesNotThrow.java:72) ... 3 more FAILURE DONE 1 test completed, 1 failed FAILURE: Build failed with an exception. Assumptions_milestone3.pdf FRONTEND.md Project-lifecycle-Ticket.pdf Project_life_cycle_milestone_3.pdf README.md SETUP.md Testing_Plan.pdf Testing_plan_milestone_3.pdf assumptions.pdf build build.gradle config_template.json credits.md extract_coverage.sh gradle gradlew gradlew.bat images planning Milestone 3.pdf planning.pdf setup src uml_diagram.pdf uml_diagram_milestone_3.pdf What went wrong: Execution failed for task ':test'. > There were failing tests. See the report at: file:///H18A_ECLAIR/build/reports/tests/test/index.html Assumptions_milestone3.pdf FRONTEND.md Project-lifecycle-Ticket.pdf Project_life_cycle_milestone_3.pdf README.md SETUP.md Testing_Plan.pdf Testing_plan_milestone_3.pdf assumptions.pdf build build.gradle config_template.json credits.md extract_coverage.sh gradle gradlew gradlew.bat images planning Milestone 3.pdf planning.pdf setup src uml_diagram.pdf uml_diagram_milestone_3.pdf Try: > Run with --stacktrace option to get the stack trace. > Run with --info or --debug option to get more log output. > Run with --scan to get full insights. Assumptions_milestone3.pdf FRONTEND.md Project-lifecycle-Ticket.pdf Project_life_cycle_milestone_3.pdf README.md SETUP.md Testing_Plan.pdf Testing_plan_milestone_3.pdf assumptions.pdf build build.gradle config_template.json credits.md extract_coverage.sh gradle gradlew gradlew.bat images planning Milestone 3.pdf planning.pdf setup src uml_diagram.pdf uml_diagram_milestone_3.pdf Get more help at https://help.gradle.org BUILD FAILED in 13s

Test 15-5: Testing fail to bribe an assassin and no refund
BossTest > Testing fail to bribe an assassin, and no refund FAILED org.opentest4j.AssertionFailedError: Unexpected exception thrown: java.lang.NumberFormatException: For input string: "1.0" at app//org.junit.jupiter.api.AssertDoesNotThrow.createAssertionFailedError(AssertDoesNotThrow.java:83) at app//org.junit.jupiter.api.AssertDoesNotThrow.assertDoesNotThrow(AssertDoesNotThrow.java:76) at app//org.junit.jupiter.api.AssertDoesNotThrow.assertDoesNotThrow(AssertDoesNotThrow.java:59) at app//org.junit.jupiter.api.Assertions.assertDoesNotThrow(Assertions.java:3195) at app//dungeonmania.automarkingM3.BossTest.testAssassinBribeFailNoRefund(BossTest.java:135) Caused by: java.lang.NumberFormatException: For input string: "1.0" at java.base/java.lang.NumberFormatException.forInputString(NumberFormatException.java:65) at java.base/java.lang.Integer.parseInt(Integer.java:652) at java.base/java.lang.Integer.parseInt(Integer.java:770) at dungeonmania.Dungeon.getConfigValue(Dungeon.java:221) at dungeonmania.Entities.MovingEntities.Enemies.Assassin.doesAssassinGetBribed(Assassin.java:64) at dungeonmania.Entities.MovingEntities.Enemies.Assassin.interactionWithAPlayer(Assassin.java:43) at dungeonmania.Entities.MovingEntities.Enemies.Mercenary.interact(Mercenary.java:94) at dungeonmania.Dungeon.interact(Dungeon.java:409) at dungeonmania.DungeonManiaController.interact(DungeonManiaController.java:82) at dungeonmania.automarkingM3.BossTest.lambda$testAssassinBribeFailNoRefund$2(BossTest.java:135) at org.junit.jupiter.api.AssertDoesNotThrow.assertDoesNotThrow(AssertDoesNotThrow.java:72) ... 3 more FAILURE DONE 1 test completed, 1 failed FAILURE: Build failed with an exception. Assumptions_milestone3.pdf FRONTEND.md Project-lifecycle-Ticket.pdf Project_life_cycle_milestone_3.pdf README.md SETUP.md Testing_Plan.pdf Testing_plan_milestone_3.pdf assumptions.pdf build build.gradle config_template.json credits.md extract_coverage.sh gradle gradlew gradlew.bat images planning Milestone 3.pdf planning.pdf setup src uml_diagram.pdf uml_diagram_milestone_3.pdf What went wrong: Execution failed for task ':test'. > There were failing tests. See the report at: file:///H18A_ECLAIR/build/reports/tests/test/index.html Assumptions_milestone3.pdf FRONTEND.md Project-lifecycle-Ticket.pdf Project_life_cycle_milestone_3.pdf README.md SETUP.md Testing_Plan.pdf Testing_plan_milestone_3.pdf assumptions.pdf build build.gradle config_template.json credits.md extract_coverage.sh gradle gradlew gradlew.bat images planning Milestone 3.pdf planning.pdf setup src uml_diagram.pdf uml_diagram_milestone_3.pdf Try: > Run with --stacktrace option to get the stack trace. > Run with --info or --debug option to get more log output. > Run with --scan to get full insights. Assumptions_milestone3.pdf FRONTEND.md Project-lifecycle-Ticket.pdf Project_life_cycle_milestone_3.pdf README.md SETUP.md Testing_Plan.pdf Testing_plan_milestone_3.pdf assumptions.pdf build build.gradle config_template.json credits.md extract_coverage.sh gradle gradlew gradlew.bat images planning Milestone 3.pdf planning.pdf setup src uml_diagram.pdf uml_diagram_milestone_3.pdf Get more help at https://help.gradle.org BUILD FAILED in 14s

Test 15-6: Testing assassin will keep moving to the player in its recon radius
BossTest > Testing assassin will keep moving to the player in its recon radius FAILED org.opentest4j.AssertionFailedError: expected: <true> but was: <false> at app//org.junit.jupiter.api.AssertionUtils.fail(AssertionUtils.java:55) at app//org.junit.jupiter.api.AssertTrue.assertTrue(AssertTrue.java:40) at app//org.junit.jupiter.api.AssertTrue.assertTrue(AssertTrue.java:35) at app//org.junit.jupiter.api.Assertions.assertTrue(Assertions.java:179) at app//dungeonmania.automarkingM3.BossTest.testAssassinMovesTowardsInvisiblePlayer(BossTest.java:182) FAILURE DONE 1 test completed, 1 failed FAILURE: Build failed with an exception. Assumptions_milestone3.pdf FRONTEND.md Project-lifecycle-Ticket.pdf Project_life_cycle_milestone_3.pdf README.md SETUP.md Testing_Plan.pdf Testing_plan_milestone_3.pdf assumptions.pdf build build.gradle config_template.json credits.md extract_coverage.sh gradle gradlew gradlew.bat images planning Milestone 3.pdf planning.pdf setup src uml_diagram.pdf uml_diagram_milestone_3.pdf What went wrong: Execution failed for task ':test'. > There were failing tests. See the report at: file:///H18A_ECLAIR/build/reports/tests/test/index.html Assumptions_milestone3.pdf FRONTEND.md Project-lifecycle-Ticket.pdf Project_life_cycle_milestone_3.pdf README.md SETUP.md Testing_Plan.pdf Testing_plan_milestone_3.pdf assumptions.pdf build build.gradle config_template.json credits.md extract_coverage.sh gradle gradlew gradlew.bat images planning Milestone 3.pdf planning.pdf setup src uml_diagram.pdf uml_diagram_milestone_3.pdf Try: > Run with --stacktrace option to get the stack trace. > Run with --info or --debug option to get more log output. > Run with --scan to get full insights. Assumptions_milestone3.pdf FRONTEND.md Project-lifecycle-Ticket.pdf Project_life_cycle_milestone_3.pdf README.md SETUP.md Testing_Plan.pdf Testing_plan_milestone_3.pdf assumptions.pdf build build.gradle config_template.json credits.md extract_coverage.sh gradle gradlew gradlew.bat images planning Milestone 3.pdf planning.pdf setup src uml_diagram.pdf uml_diagram_milestone_3.pdf Get more help at https://help.gradle.org BUILD FAILED in 16s

Test 15-7: Testing basic movement for hydra
BossTest > Testing basic movement for hydra FAILED java.lang.IllegalArgumentException at dungeonmania.DungeonManiaController.newGame(DungeonManiaController.java:42) at dungeonmania.automarkingM3.BossTest.hydraMovement(BossTest.java:194) FAILURE DONE 1 test completed, 1 failed FAILURE: Build failed with an exception. Assumptions_milestone3.pdf FRONTEND.md Project-lifecycle-Ticket.pdf Project_life_cycle_milestone_3.pdf README.md SETUP.md Testing_Plan.pdf Testing_plan_milestone_3.pdf assumptions.pdf build build.gradle config_template.json credits.md extract_coverage.sh gradle gradlew gradlew.bat images planning Milestone 3.pdf planning.pdf setup src uml_diagram.pdf uml_diagram_milestone_3.pdf What went wrong: Execution failed for task ':test'. > There were failing tests. See the report at: file:///H18A_ECLAIR/build/reports/tests/test/index.html Assumptions_milestone3.pdf FRONTEND.md Project-lifecycle-Ticket.pdf Project_life_cycle_milestone_3.pdf README.md SETUP.md Testing_Plan.pdf Testing_plan_milestone_3.pdf assumptions.pdf build build.gradle config_template.json credits.md extract_coverage.sh gradle gradlew gradlew.bat images planning Milestone 3.pdf planning.pdf setup src uml_diagram.pdf uml_diagram_milestone_3.pdf Try: > Run with --stacktrace option to get the stack trace. > Run with --info or --debug option to get more log output. > Run with --scan to get full insights. Assumptions_milestone3.pdf FRONTEND.md Project-lifecycle-Ticket.pdf Project_life_cycle_milestone_3.pdf README.md SETUP.md Testing_Plan.pdf Testing_plan_milestone_3.pdf assumptions.pdf build build.gradle config_template.json credits.md extract_coverage.sh gradle gradlew gradlew.bat images planning Milestone 3.pdf planning.pdf setup src uml_diagram.pdf uml_diagram_milestone_3.pdf Get more help at https://help.gradle.org BUILD FAILED in 14s

Test 15-8: Testing hydra cannot move through closed doors and walls
BossTest > Testing hydras cannot move through closed doors and walls FAILED java.lang.IllegalArgumentException at dungeonmania.DungeonManiaController.newGame(DungeonManiaController.java:42) at dungeonmania.automarkingM3.BossTest.hydraDoorsAndWalls(BossTest.java:221) FAILURE DONE 1 test completed, 1 failed FAILURE: Build failed with an exception. Assumptions_milestone3.pdf FRONTEND.md Project-lifecycle-Ticket.pdf Project_life_cycle_milestone_3.pdf README.md SETUP.md Testing_Plan.pdf Testing_plan_milestone_3.pdf assumptions.pdf build build.gradle config_template.json credits.md extract_coverage.sh gradle gradlew gradlew.bat images planning Milestone 3.pdf planning.pdf setup src uml_diagram.pdf uml_diagram_milestone_3.pdf What went wrong: Execution failed for task ':test'. > There were failing tests. See the report at: file:///H18A_ECLAIR/build/reports/tests/test/index.html Assumptions_milestone3.pdf FRONTEND.md Project-lifecycle-Ticket.pdf Project_life_cycle_milestone_3.pdf README.md SETUP.md Testing_Plan.pdf Testing_plan_milestone_3.pdf assumptions.pdf build build.gradle config_template.json credits.md extract_coverage.sh gradle gradlew gradlew.bat images planning Milestone 3.pdf planning.pdf setup src uml_diagram.pdf uml_diagram_milestone_3.pdf Try: > Run with --stacktrace option to get the stack trace. > Run with --info or --debug option to get more log output. > Run with --scan to get full insights. Assumptions_milestone3.pdf FRONTEND.md Project-lifecycle-Ticket.pdf Project_life_cycle_milestone_3.pdf README.md SETUP.md Testing_Plan.pdf Testing_plan_milestone_3.pdf assumptions.pdf build build.gradle config_template.json credits.md extract_coverage.sh gradle gradlew gradlew.bat images planning Milestone 3.pdf planning.pdf setup src uml_diagram.pdf uml_diagram_milestone_3.pdf Get more help at https://help.gradle.org BUILD FAILED in 14s

Test 15-9: Test player wins a battle against hydra when hydra does not increase health when taking damage
BossTest > Test player wins a battle against hydra when hydra does not increase health when taking damage FAILED java.lang.IllegalArgumentException at dungeonmania.DungeonManiaController.newGame(DungeonManiaController.java:42) at dungeonmania.automarkingM3.BossTest.testPlayerWinsHydraBattle(BossTest.java:237) FAILURE DONE 1 test completed, 1 failed FAILURE: Build failed with an exception. Assumptions_milestone3.pdf FRONTEND.md Project-lifecycle-Ticket.pdf Project_life_cycle_milestone_3.pdf README.md SETUP.md Testing_Plan.pdf Testing_plan_milestone_3.pdf assumptions.pdf build build.gradle config_template.json credits.md extract_coverage.sh gradle gradlew gradlew.bat images planning Milestone 3.pdf planning.pdf setup src uml_diagram.pdf uml_diagram_milestone_3.pdf What went wrong: Execution failed for task ':test'. > There were failing tests. See the report at: file:///H18A_ECLAIR/build/reports/tests/test/index.html Assumptions_milestone3.pdf FRONTEND.md Project-lifecycle-Ticket.pdf Project_life_cycle_milestone_3.pdf README.md SETUP.md Testing_Plan.pdf Testing_plan_milestone_3.pdf assumptions.pdf build build.gradle config_template.json credits.md extract_coverage.sh gradle gradlew gradlew.bat images planning Milestone 3.pdf planning.pdf setup src uml_diagram.pdf uml_diagram_milestone_3.pdf Try: > Run with --stacktrace option to get the stack trace. > Run with --info or --debug option to get more log output. > Run with --scan to get full insights. Assumptions_milestone3.pdf FRONTEND.md Project-lifecycle-Ticket.pdf Project_life_cycle_milestone_3.pdf README.md SETUP.md Testing_Plan.pdf Testing_plan_milestone_3.pdf assumptions.pdf build build.gradle config_template.json credits.md extract_coverage.sh gradle gradlew gradlew.bat images planning Milestone 3.pdf planning.pdf setup src uml_diagram.pdf uml_diagram_milestone_3.pdf Get more help at https://help.gradle.org BUILD FAILED in 13s

Test 15-10: Test the hydra must increase health when taking damage - player loses
BossTest > Test the hydra must increase health when taking damage - player loses FAILED java.lang.IllegalArgumentException at dungeonmania.DungeonManiaController.newGame(DungeonManiaController.java:42) at dungeonmania.automarkingM3.BossTest.testHydraIncreasesHealth(BossTest.java:266) FAILURE DONE 1 test completed, 1 failed FAILURE: Build failed with an exception. Assumptions_milestone3.pdf FRONTEND.md Project-lifecycle-Ticket.pdf Project_life_cycle_milestone_3.pdf README.md SETUP.md Testing_Plan.pdf Testing_plan_milestone_3.pdf assumptions.pdf build build.gradle config_template.json credits.md extract_coverage.sh gradle gradlew gradlew.bat images planning Milestone 3.pdf planning.pdf setup src uml_diagram.pdf uml_diagram_milestone_3.pdf What went wrong: Execution failed for task ':test'. > There were failing tests. See the report at: file:///H18A_ECLAIR/build/reports/tests/test/index.html Assumptions_milestone3.pdf FRONTEND.md Project-lifecycle-Ticket.pdf Project_life_cycle_milestone_3.pdf README.md SETUP.md Testing_Plan.pdf Testing_plan_milestone_3.pdf assumptions.pdf build build.gradle config_template.json credits.md extract_coverage.sh gradle gradlew gradlew.bat images planning Milestone 3.pdf planning.pdf setup src uml_diagram.pdf uml_diagram_milestone_3.pdf Try: > Run with --stacktrace option to get the stack trace. > Run with --info or --debug option to get more log output. > Run with --scan to get full insights. Assumptions_milestone3.pdf FRONTEND.md Project-lifecycle-Ticket.pdf Project_life_cycle_milestone_3.pdf README.md SETUP.md Testing_Plan.pdf Testing_plan_milestone_3.pdf assumptions.pdf build build.gradle config_template.json credits.md extract_coverage.sh gradle gradlew gradlew.bat images planning Milestone 3.pdf planning.pdf setup src uml_diagram.pdf uml_diagram_milestone_3.pdf Get more help at https://help.gradle.org BUILD FAILED in 14s

16. Swamp Tiles & Pathfinding

Test 16-1: Testing mercenary gets stuck in swamp
SwampTileTest > Testing mercenary gets stuck in swamp FAILED java.lang.IllegalArgumentException at dungeonmania.DungeonManiaController.newGame(DungeonManiaController.java:42) at dungeonmania.automarkingM3.SwampTileTest.slowMercenary(SwampTileTest.java:30) FAILURE DONE 1 test completed, 1 failed FAILURE: Build failed with an exception. Assumptions_milestone3.pdf FRONTEND.md Project-lifecycle-Ticket.pdf Project_life_cycle_milestone_3.pdf README.md SETUP.md Testing_Plan.pdf Testing_plan_milestone_3.pdf assumptions.pdf build build.gradle config_template.json credits.md extract_coverage.sh gradle gradlew gradlew.bat images planning Milestone 3.pdf planning.pdf setup src uml_diagram.pdf uml_diagram_milestone_3.pdf What went wrong: Execution failed for task ':test'. > There were failing tests. See the report at: file:///H18A_ECLAIR/build/reports/tests/test/index.html Assumptions_milestone3.pdf FRONTEND.md Project-lifecycle-Ticket.pdf Project_life_cycle_milestone_3.pdf README.md SETUP.md Testing_Plan.pdf Testing_plan_milestone_3.pdf assumptions.pdf build build.gradle config_template.json credits.md extract_coverage.sh gradle gradlew gradlew.bat images planning Milestone 3.pdf planning.pdf setup src uml_diagram.pdf uml_diagram_milestone_3.pdf Try: > Run with --stacktrace option to get the stack trace. > Run with --info or --debug option to get more log output. > Run with --scan to get full insights. Assumptions_milestone3.pdf FRONTEND.md Project-lifecycle-Ticket.pdf Project_life_cycle_milestone_3.pdf README.md SETUP.md Testing_Plan.pdf Testing_plan_milestone_3.pdf assumptions.pdf build build.gradle config_template.json credits.md extract_coverage.sh gradle gradlew gradlew.bat images planning Milestone 3.pdf planning.pdf setup src uml_diagram.pdf uml_diagram_milestone_3.pdf Get more help at https://help.gradle.org BUILD FAILED in 14s

Test 16-2: Testing Assassin gets stuck in swamp
SwampTileTest > slowAssassin() FAILED java.lang.IllegalArgumentException at dungeonmania.DungeonManiaController.newGame(DungeonManiaController.java:42) at dungeonmania.automarkingM3.SwampTileTest.slowAssassin(SwampTileTest.java:53) FAILURE DONE 1 test completed, 1 failed FAILURE: Build failed with an exception. Assumptions_milestone3.pdf FRONTEND.md Project-lifecycle-Ticket.pdf Project_life_cycle_milestone_3.pdf README.md SETUP.md Testing_Plan.pdf Testing_plan_milestone_3.pdf assumptions.pdf build build.gradle config_template.json credits.md extract_coverage.sh gradle gradlew gradlew.bat images planning Milestone 3.pdf planning.pdf setup src uml_diagram.pdf uml_diagram_milestone_3.pdf What went wrong: Execution failed for task ':test'. > There were failing tests. See the report at: file:///H18A_ECLAIR/build/reports/tests/test/index.html Assumptions_milestone3.pdf FRONTEND.md Project-lifecycle-Ticket.pdf Project_life_cycle_milestone_3.pdf README.md SETUP.md Testing_Plan.pdf Testing_plan_milestone_3.pdf assumptions.pdf build build.gradle config_template.json credits.md extract_coverage.sh gradle gradlew gradlew.bat images planning Milestone 3.pdf planning.pdf setup src uml_diagram.pdf uml_diagram_milestone_3.pdf Try: > Run with --stacktrace option to get the stack trace. > Run with --info or --debug option to get more log output. > Run with --scan to get full insights. Assumptions_milestone3.pdf FRONTEND.md Project-lifecycle-Ticket.pdf Project_life_cycle_milestone_3.pdf README.md SETUP.md Testing_Plan.pdf Testing_plan_milestone_3.pdf assumptions.pdf build build.gradle config_template.json credits.md extract_coverage.sh gradle gradlew gradlew.bat images planning Milestone 3.pdf planning.pdf setup src uml_diagram.pdf uml_diagram_milestone_3.pdf Get more help at https://help.gradle.org BUILD FAILED in 13s

Test 16-3: Testing if mercenaries take into account movement factor when pathfinding
SwampTileTest > Testing if mercenaries take into account movement factor when pathfinding FAILED java.lang.IllegalArgumentException at dungeonmania.DungeonManiaController.newGame(DungeonManiaController.java:42) at dungeonmania.automarkingM3.SwampTileTest.mercPathfindWithSwampTile(SwampTileTest.java:77) FAILURE DONE 1 test completed, 1 failed FAILURE: Build failed with an exception. Assumptions_milestone3.pdf FRONTEND.md Project-lifecycle-Ticket.pdf Project_life_cycle_milestone_3.pdf README.md SETUP.md Testing_Plan.pdf Testing_plan_milestone_3.pdf assumptions.pdf build build.gradle config_template.json credits.md extract_coverage.sh gradle gradlew gradlew.bat images planning Milestone 3.pdf planning.pdf setup src uml_diagram.pdf uml_diagram_milestone_3.pdf What went wrong: Execution failed for task ':test'. > There were failing tests. See the report at: file:///H18A_ECLAIR/build/reports/tests/test/index.html Assumptions_milestone3.pdf FRONTEND.md Project-lifecycle-Ticket.pdf Project_life_cycle_milestone_3.pdf README.md SETUP.md Testing_Plan.pdf Testing_plan_milestone_3.pdf assumptions.pdf build build.gradle config_template.json credits.md extract_coverage.sh gradle gradlew gradlew.bat images planning Milestone 3.pdf planning.pdf setup src uml_diagram.pdf uml_diagram_milestone_3.pdf Try: > Run with --stacktrace option to get the stack trace. > Run with --info or --debug option to get more log output. > Run with --scan to get full insights. Assumptions_milestone3.pdf FRONTEND.md Project-lifecycle-Ticket.pdf Project_life_cycle_milestone_3.pdf README.md SETUP.md Testing_Plan.pdf Testing_plan_milestone_3.pdf assumptions.pdf build build.gradle config_template.json credits.md extract_coverage.sh gradle gradlew gradlew.bat images planning Milestone 3.pdf planning.pdf setup src uml_diagram.pdf uml_diagram_milestone_3.pdf Get more help at https://help.gradle.org BUILD FAILED in 13s

Test 16-4: Testing player does not get slowed by swamp tile
SwampTileTest > Testing player does not get slowed by swamp tile FAILED java.lang.IllegalArgumentException at dungeonmania.DungeonManiaController.newGame(DungeonManiaController.java:42) at dungeonmania.automarkingM3.SwampTileTest.testPlayerNotSlowedBySwamp(SwampTileTest.java:104) FAILURE DONE 1 test completed, 1 failed FAILURE: Build failed with an exception. Assumptions_milestone3.pdf FRONTEND.md Project-lifecycle-Ticket.pdf Project_life_cycle_milestone_3.pdf README.md SETUP.md Testing_Plan.pdf Testing_plan_milestone_3.pdf assumptions.pdf build build.gradle config_template.json credits.md extract_coverage.sh gradle gradlew gradlew.bat images planning Milestone 3.pdf planning.pdf setup src uml_diagram.pdf uml_diagram_milestone_3.pdf What went wrong: Execution failed for task ':test'. > There were failing tests. See the report at: file:///H18A_ECLAIR/build/reports/tests/test/index.html Assumptions_milestone3.pdf FRONTEND.md Project-lifecycle-Ticket.pdf Project_life_cycle_milestone_3.pdf README.md SETUP.md Testing_Plan.pdf Testing_plan_milestone_3.pdf assumptions.pdf build build.gradle config_template.json credits.md extract_coverage.sh gradle gradlew gradlew.bat images planning Milestone 3.pdf planning.pdf setup src uml_diagram.pdf uml_diagram_milestone_3.pdf Try: > Run with --stacktrace option to get the stack trace. > Run with --info or --debug option to get more log output. > Run with --scan to get full insights. Assumptions_milestone3.pdf FRONTEND.md Project-lifecycle-Ticket.pdf Project_life_cycle_milestone_3.pdf README.md SETUP.md Testing_Plan.pdf Testing_plan_milestone_3.pdf assumptions.pdf build build.gradle config_template.json credits.md extract_coverage.sh gradle gradlew gradlew.bat images planning Milestone 3.pdf planning.pdf setup src uml_diagram.pdf uml_diagram_milestone_3.pdf Get more help at https://help.gradle.org BUILD FAILED in 56s

Test 16-5: Testing spider is slowed by swamp tile and that movement is still circling
SwampTileTest > Testing spider is slowed by swamp tile and that movement is still circling FAILED java.lang.IllegalArgumentException at dungeonmania.DungeonManiaController.newGame(DungeonManiaController.java:42) at dungeonmania.automarkingM3.SwampTileTest.testSpiderSlowedBySwamp(SwampTileTest.java:121) FAILURE DONE 1 test completed, 1 failed FAILURE: Build failed with an exception. Assumptions_milestone3.pdf FRONTEND.md Project-lifecycle-Ticket.pdf Project_life_cycle_milestone_3.pdf README.md SETUP.md Testing_Plan.pdf Testing_plan_milestone_3.pdf assumptions.pdf build build.gradle config_template.json credits.md extract_coverage.sh gradle gradlew gradlew.bat images planning Milestone 3.pdf planning.pdf setup src uml_diagram.pdf uml_diagram_milestone_3.pdf What went wrong: Execution failed for task ':test'. > There were failing tests. See the report at: file:///H18A_ECLAIR/build/reports/tests/test/index.html Assumptions_milestone3.pdf FRONTEND.md Project-lifecycle-Ticket.pdf Project_life_cycle_milestone_3.pdf README.md SETUP.md Testing_Plan.pdf Testing_plan_milestone_3.pdf assumptions.pdf build build.gradle config_template.json credits.md extract_coverage.sh gradle gradlew gradlew.bat images planning Milestone 3.pdf planning.pdf setup src uml_diagram.pdf uml_diagram_milestone_3.pdf Try: > Run with --stacktrace option to get the stack trace. > Run with --info or --debug option to get more log output. > Run with --scan to get full insights. Assumptions_milestone3.pdf FRONTEND.md Project-lifecycle-Ticket.pdf Project_life_cycle_milestone_3.pdf README.md SETUP.md Testing_Plan.pdf Testing_plan_milestone_3.pdf assumptions.pdf build build.gradle config_template.json credits.md extract_coverage.sh gradle gradlew gradlew.bat images planning Milestone 3.pdf planning.pdf setup src uml_diagram.pdf uml_diagram_milestone_3.pdf Get more help at https://help.gradle.org BUILD FAILED in 13s

Test 16-6: Testing multiple swamp tiles all slow
SwampTileTest > Testing multiple swamp tiles all slow FAILED java.lang.IllegalArgumentException at dungeonmania.DungeonManiaController.newGame(DungeonManiaController.java:42) at dungeonmania.automarkingM3.SwampTileTest.testMultiSwamp(SwampTileTest.java:143) FAILURE DONE 1 test completed, 1 failed FAILURE: Build failed with an exception. Assumptions_milestone3.pdf FRONTEND.md Project-lifecycle-Ticket.pdf Project_life_cycle_milestone_3.pdf README.md SETUP.md Testing_Plan.pdf Testing_plan_milestone_3.pdf assumptions.pdf build build.gradle config_template.json credits.md extract_coverage.sh gradle gradlew gradlew.bat images planning Milestone 3.pdf planning.pdf setup src uml_diagram.pdf uml_diagram_milestone_3.pdf What went wrong: Execution failed for task ':test'. > There were failing tests. See the report at: file:///H18A_ECLAIR/build/reports/tests/test/index.html Assumptions_milestone3.pdf FRONTEND.md Project-lifecycle-Ticket.pdf Project_life_cycle_milestone_3.pdf README.md SETUP.md Testing_Plan.pdf Testing_plan_milestone_3.pdf assumptions.pdf build build.gradle config_template.json credits.md extract_coverage.sh gradle gradlew gradlew.bat images planning Milestone 3.pdf planning.pdf setup src uml_diagram.pdf uml_diagram_milestone_3.pdf Try: > Run with --stacktrace option to get the stack trace. > Run with --info or --debug option to get more log output. > Run with --scan to get full insights. Assumptions_milestone3.pdf FRONTEND.md Project-lifecycle-Ticket.pdf Project_life_cycle_milestone_3.pdf README.md SETUP.md Testing_Plan.pdf Testing_plan_milestone_3.pdf assumptions.pdf build build.gradle config_template.json credits.md extract_coverage.sh gradle gradlew gradlew.bat images planning Milestone 3.pdf planning.pdf setup src uml_diagram.pdf uml_diagram_milestone_3.pdf Get more help at https://help.gradle.org BUILD FAILED in 14s

Test 16-7: Testing a battle on a swamp tile is successful - mercenary dies
SwampTileTest > Testing a battle on a swamp tile is successful - mercenary dies FAILED java.lang.IllegalArgumentException at dungeonmania.DungeonManiaController.newGame(DungeonManiaController.java:42) at dungeonmania.automarkingM3.SwampTileTest.testBattleOnSwamp(SwampTileTest.java:171) FAILURE DONE 1 test completed, 1 failed FAILURE: Build failed with an exception. Assumptions_milestone3.pdf FRONTEND.md Project-lifecycle-Ticket.pdf Project_life_cycle_milestone_3.pdf README.md SETUP.md Testing_Plan.pdf Testing_plan_milestone_3.pdf assumptions.pdf build build.gradle config_template.json credits.md extract_coverage.sh gradle gradlew gradlew.bat images planning Milestone 3.pdf planning.pdf setup src uml_diagram.pdf uml_diagram_milestone_3.pdf What went wrong: Execution failed for task ':test'. > There were failing tests. See the report at: file:///H18A_ECLAIR/build/reports/tests/test/index.html Assumptions_milestone3.pdf FRONTEND.md Project-lifecycle-Ticket.pdf Project_life_cycle_milestone_3.pdf README.md SETUP.md Testing_Plan.pdf Testing_plan_milestone_3.pdf assumptions.pdf build build.gradle config_template.json credits.md extract_coverage.sh gradle gradlew gradlew.bat images planning Milestone 3.pdf planning.pdf setup src uml_diagram.pdf uml_diagram_milestone_3.pdf Try: > Run with --stacktrace option to get the stack trace. > Run with --info or --debug option to get more log output. > Run with --scan to get full insights. Assumptions_milestone3.pdf FRONTEND.md Project-lifecycle-Ticket.pdf Project_life_cycle_milestone_3.pdf README.md SETUP.md Testing_Plan.pdf Testing_plan_milestone_3.pdf assumptions.pdf build build.gradle config_template.json credits.md extract_coverage.sh gradle gradlew gradlew.bat images planning Milestone 3.pdf planning.pdf setup src uml_diagram.pdf uml_diagram_milestone_3.pdf Get more help at https://help.gradle.org BUILD FAILED in 14s

Test 16-8: Test mercenary moves towards the player following the shortest path
SUCCESS DONE

Test 16-9: Test mercenary moves towards the player using portals
DijkstraMovementTest > Test mercenary moves towards the player using portals FAILED org.opentest4j.AssertionFailedError: expected: <Position [x=3, y=1, z=0]> but was: <Position [x=5, y=1, z=0]> at app//org.junit.jupiter.api.AssertionUtils.fail(AssertionUtils.java:55) at app//org.junit.jupiter.api.AssertionUtils.failNotEqual(AssertionUtils.java:62) at app//org.junit.jupiter.api.AssertEquals.assertEquals(AssertEquals.java:182) at app//org.junit.jupiter.api.AssertEquals.assertEquals(AssertEquals.java:177) at app//org.junit.jupiter.api.Assertions.assertEquals(Assertions.java:1141) at app//dungeonmania.automarkingM3.DijkstraMovementTest.mercWithPortals(DijkstraMovementTest.java:60) FAILURE DONE 1 test completed, 1 failed FAILURE: Build failed with an exception. Assumptions_milestone3.pdf FRONTEND.md Project-lifecycle-Ticket.pdf Project_life_cycle_milestone_3.pdf README.md SETUP.md Testing_Plan.pdf Testing_plan_milestone_3.pdf assumptions.pdf build build.gradle config_template.json credits.md extract_coverage.sh gradle gradlew gradlew.bat images planning Milestone 3.pdf planning.pdf setup src uml_diagram.pdf uml_diagram_milestone_3.pdf What went wrong: Execution failed for task ':test'. > There were failing tests. See the report at: file:///H18A_ECLAIR/build/reports/tests/test/index.html Assumptions_milestone3.pdf FRONTEND.md Project-lifecycle-Ticket.pdf Project_life_cycle_milestone_3.pdf README.md SETUP.md Testing_Plan.pdf Testing_plan_milestone_3.pdf assumptions.pdf build build.gradle config_template.json credits.md extract_coverage.sh gradle gradlew gradlew.bat images planning Milestone 3.pdf planning.pdf setup src uml_diagram.pdf uml_diagram_milestone_3.pdf Try: > Run with --stacktrace option to get the stack trace. > Run with --info or --debug option to get more log output. > Run with --scan to get full insights. Assumptions_milestone3.pdf FRONTEND.md Project-lifecycle-Ticket.pdf Project_life_cycle_milestone_3.pdf README.md SETUP.md Testing_Plan.pdf Testing_plan_milestone_3.pdf assumptions.pdf build build.gradle config_template.json credits.md extract_coverage.sh gradle gradlew gradlew.bat images planning Milestone 3.pdf planning.pdf setup src uml_diagram.pdf uml_diagram_milestone_3.pdf Get more help at https://help.gradle.org BUILD FAILED in 13s

Test 16-10: Test mercenary moves towards the player using swamp tiles
DijkstraMovementTest > Test mercenary moves towards the player using swamp tiles FAILED java.lang.IllegalArgumentException at dungeonmania.DungeonManiaController.newGame(DungeonManiaController.java:42) at dungeonmania.automarkingM3.DijkstraMovementTest.mercWithSwampTiles(DijkstraMovementTest.java:85) FAILURE DONE 1 test completed, 1 failed FAILURE: Build failed with an exception. Assumptions_milestone3.pdf FRONTEND.md Project-lifecycle-Ticket.pdf Project_life_cycle_milestone_3.pdf README.md SETUP.md Testing_Plan.pdf Testing_plan_milestone_3.pdf assumptions.pdf build build.gradle config_template.json credits.md extract_coverage.sh gradle gradlew gradlew.bat images planning Milestone 3.pdf planning.pdf setup src uml_diagram.pdf uml_diagram_milestone_3.pdf What went wrong: Execution failed for task ':test'. > There were failing tests. See the report at: file:///H18A_ECLAIR/build/reports/tests/test/index.html Assumptions_milestone3.pdf FRONTEND.md Project-lifecycle-Ticket.pdf Project_life_cycle_milestone_3.pdf README.md SETUP.md Testing_Plan.pdf Testing_plan_milestone_3.pdf assumptions.pdf build build.gradle config_template.json credits.md extract_coverage.sh gradle gradlew gradlew.bat images planning Milestone 3.pdf planning.pdf setup src uml_diagram.pdf uml_diagram_milestone_3.pdf Try: > Run with --stacktrace option to get the stack trace. > Run with --info or --debug option to get more log output. > Run with --scan to get full insights. Assumptions_milestone3.pdf FRONTEND.md Project-lifecycle-Ticket.pdf Project_life_cycle_milestone_3.pdf README.md SETUP.md Testing_Plan.pdf Testing_plan_milestone_3.pdf assumptions.pdf build build.gradle config_template.json credits.md extract_coverage.sh gradle gradlew gradlew.bat images planning Milestone 3.pdf planning.pdf setup src uml_diagram.pdf uml_diagram_milestone_3.pdf Get more help at https://help.gradle.org BUILD FAILED in 12s

Test 16-11: Test assassin moves towards the player following the shortest path
SUCCESS DONE

Test 16-12: Test assassin moves towards the player using portals
DijkstraMovementTest > Test assassin moves towards the player using portals FAILED org.opentest4j.AssertionFailedError: expected: <Position [x=3, y=1, z=0]> but was: <Position [x=5, y=1, z=0]> at app//org.junit.jupiter.api.AssertionUtils.fail(AssertionUtils.java:55) at app//org.junit.jupiter.api.AssertionUtils.failNotEqual(AssertionUtils.java:62) at app//org.junit.jupiter.api.AssertEquals.assertEquals(AssertEquals.java:182) at app//org.junit.jupiter.api.AssertEquals.assertEquals(AssertEquals.java:177) at app//org.junit.jupiter.api.Assertions.assertEquals(Assertions.java:1141) at app//dungeonmania.automarkingM3.DijkstraMovementTest.assassinWithPortals(DijkstraMovementTest.java:153) FAILURE DONE 1 test completed, 1 failed FAILURE: Build failed with an exception. Assumptions_milestone3.pdf FRONTEND.md Project-lifecycle-Ticket.pdf Project_life_cycle_milestone_3.pdf README.md SETUP.md Testing_Plan.pdf Testing_plan_milestone_3.pdf assumptions.pdf build build.gradle config_template.json credits.md extract_coverage.sh gradle gradlew gradlew.bat images planning Milestone 3.pdf planning.pdf setup src uml_diagram.pdf uml_diagram_milestone_3.pdf What went wrong: Execution failed for task ':test'. > There were failing tests. See the report at: file:///H18A_ECLAIR/build/reports/tests/test/index.html Assumptions_milestone3.pdf FRONTEND.md Project-lifecycle-Ticket.pdf Project_life_cycle_milestone_3.pdf README.md SETUP.md Testing_Plan.pdf Testing_plan_milestone_3.pdf assumptions.pdf build build.gradle config_template.json credits.md extract_coverage.sh gradle gradlew gradlew.bat images planning Milestone 3.pdf planning.pdf setup src uml_diagram.pdf uml_diagram_milestone_3.pdf Try: > Run with --stacktrace option to get the stack trace. > Run with --info or --debug option to get more log output. > Run with --scan to get full insights. Assumptions_milestone3.pdf FRONTEND.md Project-lifecycle-Ticket.pdf Project_life_cycle_milestone_3.pdf README.md SETUP.md Testing_Plan.pdf Testing_plan_milestone_3.pdf assumptions.pdf build build.gradle config_template.json credits.md extract_coverage.sh gradle gradlew gradlew.bat images planning Milestone 3.pdf planning.pdf setup src uml_diagram.pdf uml_diagram_milestone_3.pdf Get more help at https://help.gradle.org BUILD FAILED in 14s

Test 16-13: Test assassin moves towards the player using swamp tiles
DijkstraMovementTest > Test assassin moves towards the player using swamp tiles FAILED java.lang.IllegalArgumentException at dungeonmania.DungeonManiaController.newGame(DungeonManiaController.java:42) at dungeonmania.automarkingM3.DijkstraMovementTest.assassinWithSwampTiles(DijkstraMovementTest.java:178) FAILURE DONE 1 test completed, 1 failed FAILURE: Build failed with an exception. Assumptions_milestone3.pdf FRONTEND.md Project-lifecycle-Ticket.pdf Project_life_cycle_milestone_3.pdf README.md SETUP.md Testing_Plan.pdf Testing_plan_milestone_3.pdf assumptions.pdf build build.gradle config_template.json credits.md extract_coverage.sh gradle gradlew gradlew.bat images planning Milestone 3.pdf planning.pdf setup src uml_diagram.pdf uml_diagram_milestone_3.pdf What went wrong: Execution failed for task ':test'. > There were failing tests. See the report at: file:///H18A_ECLAIR/build/reports/tests/test/index.html Assumptions_milestone3.pdf FRONTEND.md Project-lifecycle-Ticket.pdf Project_life_cycle_milestone_3.pdf README.md SETUP.md Testing_Plan.pdf Testing_plan_milestone_3.pdf assumptions.pdf build build.gradle config_template.json credits.md extract_coverage.sh gradle gradlew gradlew.bat images planning Milestone 3.pdf planning.pdf setup src uml_diagram.pdf uml_diagram_milestone_3.pdf Try: > Run with --stacktrace option to get the stack trace. > Run with --info or --debug option to get more log output. > Run with --scan to get full insights. Assumptions_milestone3.pdf FRONTEND.md Project-lifecycle-Ticket.pdf Project_life_cycle_milestone_3.pdf README.md SETUP.md Testing_Plan.pdf Testing_plan_milestone_3.pdf assumptions.pdf build build.gradle config_template.json credits.md extract_coverage.sh gradle gradlew gradlew.bat images planning Milestone 3.pdf planning.pdf setup src uml_diagram.pdf uml_diagram_milestone_3.pdf Get more help at https://help.gradle.org BUILD FAILED in 58s

17. Milestone 3 Buildables

Test 17-1: (arrows x2) + (key x1) + (sun stone x1) => (sceptre x1)
SUCCESS DONE

Test 17-2: (wood x1) + (treasure x1) + (sun stone x1) => (sceptre x1)
SUCCESS DONE

Test 17-3: (wood x1) + (key x1) => (sceptre x0) + InvalidActionException
SUCCESS DONE

Test 17-4: (arrows x2) + (treasure x1) => (sceptre x0) + InvalidActionException
SUCCESS DONE

Test 17-5: (sword x1) + (sun stone x1) + (zombie x0) => (midnight armour x1)
SUCCESS DONE

Test 17-6: (sword x1) + (sun stone x1) + (zombie x1) => (midnight armour x0) + InvalidActionException
SUCCESS DONE

Test 17-7: (sun stone x1) + (zombie x0) => (midnight armour x0) + InvalidActionException
SUCCESS DONE

Test 17-8: Using sceptre to mind control a mercenary
SUCCESS DONE

Test 17-9: Using sceptre to mind control an assassin
BuildablesM3Test > Using sceptre to mind control an assassin FAILED java.lang.IndexOutOfBoundsException: Index 0 out of bounds for length 0 at java.base/jdk.internal.util.Preconditions.outOfBounds(Preconditions.java:64) at java.base/jdk.internal.util.Preconditions.outOfBoundsCheckIndex(Preconditions.java:70) at java.base/jdk.internal.util.Preconditions.checkIndex(Preconditions.java:248) at java.base/java.util.Objects.checkIndex(Objects.java:372) at java.base/java.util.ArrayList.get(ArrayList.java:459) at dungeonmania.automarkingM3.BuildablesM3Test.testSceptreMindControlAssassin(BuildablesM3Test.java:412) FAILURE DONE 1 test completed, 1 failed FAILURE: Build failed with an exception. Assumptions_milestone3.pdf FRONTEND.md Project-lifecycle-Ticket.pdf Project_life_cycle_milestone_3.pdf README.md SETUP.md Testing_Plan.pdf Testing_plan_milestone_3.pdf assumptions.pdf build build.gradle config_template.json credits.md extract_coverage.sh gradle gradlew gradlew.bat images planning Milestone 3.pdf planning.pdf setup src uml_diagram.pdf uml_diagram_milestone_3.pdf What went wrong: Execution failed for task ':test'. > There were failing tests. See the report at: file:///H18A_ECLAIR/build/reports/tests/test/index.html Assumptions_milestone3.pdf FRONTEND.md Project-lifecycle-Ticket.pdf Project_life_cycle_milestone_3.pdf README.md SETUP.md Testing_Plan.pdf Testing_plan_milestone_3.pdf assumptions.pdf build build.gradle config_template.json credits.md extract_coverage.sh gradle gradlew gradlew.bat images planning Milestone 3.pdf planning.pdf setup src uml_diagram.pdf uml_diagram_milestone_3.pdf Try: > Run with --stacktrace option to get the stack trace. > Run with --info or --debug option to get more log output. > Run with --scan to get full insights. Assumptions_milestone3.pdf FRONTEND.md Project-lifecycle-Ticket.pdf Project_life_cycle_milestone_3.pdf README.md SETUP.md Testing_Plan.pdf Testing_plan_milestone_3.pdf assumptions.pdf build build.gradle config_template.json credits.md extract_coverage.sh gradle gradlew gradlew.bat images planning Milestone 3.pdf planning.pdf setup src uml_diagram.pdf uml_diagram_milestone_3.pdf Get more help at https://help.gradle.org BUILD FAILED in 13s

Test 17-10: Test for mind control duration
SUCCESS DONE

Test 17-11: Use midnight armour to attack - player battles for less rounds to win
BuildablesM3Test > Use midnight armour to attack - player battles for less rounds to win FAILED org.opentest4j.AssertionFailedError: expected: <4> but was: <7> at app//org.junit.jupiter.api.AssertionUtils.fail(AssertionUtils.java:55) at app//org.junit.jupiter.api.AssertionUtils.failNotEqual(AssertionUtils.java:62) at app//org.junit.jupiter.api.AssertEquals.assertEquals(AssertEquals.java:150) at app//org.junit.jupiter.api.AssertEquals.assertEquals(AssertEquals.java:145) at app//org.junit.jupiter.api.Assertions.assertEquals(Assertions.java:527) at app//dungeonmania.automarkingM3.BuildablesM3Test.testMidnightArmourAttack(BuildablesM3Test.java:508) FAILURE DONE 1 test completed, 1 failed FAILURE: Build failed with an exception. Assumptions_milestone3.pdf FRONTEND.md Project-lifecycle-Ticket.pdf Project_life_cycle_milestone_3.pdf README.md SETUP.md Testing_Plan.pdf Testing_plan_milestone_3.pdf assumptions.pdf build build.gradle config_template.json credits.md extract_coverage.sh gradle gradlew gradlew.bat images planning Milestone 3.pdf planning.pdf setup src uml_diagram.pdf uml_diagram_milestone_3.pdf What went wrong: Execution failed for task ':test'. > There were failing tests. See the report at: file:///H18A_ECLAIR/build/reports/tests/test/index.html Assumptions_milestone3.pdf FRONTEND.md Project-lifecycle-Ticket.pdf Project_life_cycle_milestone_3.pdf README.md SETUP.md Testing_Plan.pdf Testing_plan_milestone_3.pdf assumptions.pdf build build.gradle config_template.json credits.md extract_coverage.sh gradle gradlew gradlew.bat images planning Milestone 3.pdf planning.pdf setup src uml_diagram.pdf uml_diagram_milestone_3.pdf Try: > Run with --stacktrace option to get the stack trace. > Run with --info or --debug option to get more log output. > Run with --scan to get full insights. Assumptions_milestone3.pdf FRONTEND.md Project-lifecycle-Ticket.pdf Project_life_cycle_milestone_3.pdf README.md SETUP.md Testing_Plan.pdf Testing_plan_milestone_3.pdf assumptions.pdf build build.gradle config_template.json credits.md extract_coverage.sh gradle gradlew gradlew.bat images planning Milestone 3.pdf planning.pdf setup src uml_diagram.pdf uml_diagram_milestone_3.pdf Get more help at https://help.gradle.org BUILD FAILED in 13s

Test 17-12: Use midnight armour to defence - player battles for more rounds but still dies
SUCCESS DONE

18. Persistence

Test 18-1: Test saving and loading a simple maze map
SUCCESS DONE

Test 18-2: Test saving and loading a map with boulders
SUCCESS DONE

Test 18-3: Test saving and loading a map with enemies and collectables
SUCCESS DONE

Test 18-4: Test saving on a map containing all types of entities
SUCCESS DONE

Test 18-5: Test saving on a map containing all types of M3 entities
SaveLoadTest > Test saving on a map containing all types of M3 entities FAILED java.lang.IllegalArgumentException at dungeonmania.DungeonManiaController.newGame(DungeonManiaController.java:42) at dungeonmania.automarkingM3.SaveLoadTest.testSaveAllEntitiesM3(SaveLoadTest.java:98) FAILURE DONE 1 test completed, 1 failed FAILURE: Build failed with an exception. Assumptions_milestone3.pdf FRONTEND.md Project-lifecycle-Ticket.pdf Project_life_cycle_milestone_3.pdf README.md SETUP.md Testing_Plan.pdf Testing_plan_milestone_3.pdf assumptions.pdf build build.gradle config_template.json credits.md extract_coverage.sh gradle gradlew gradlew.bat images planning Milestone 3.pdf planning.pdf setup src uml_diagram.pdf uml_diagram_milestone_3.pdf What went wrong: Execution failed for task ':test'. > There were failing tests. See the report at: file:///H18A_ECLAIR/build/reports/tests/test/index.html Assumptions_milestone3.pdf FRONTEND.md Project-lifecycle-Ticket.pdf Project_life_cycle_milestone_3.pdf README.md SETUP.md Testing_Plan.pdf Testing_plan_milestone_3.pdf assumptions.pdf build build.gradle config_template.json credits.md extract_coverage.sh gradle gradlew gradlew.bat images planning Milestone 3.pdf planning.pdf setup src uml_diagram.pdf uml_diagram_milestone_3.pdf Try: > Run with --stacktrace option to get the stack trace. > Run with --info or --debug option to get more log output. > Run with --scan to get full insights. Assumptions_milestone3.pdf FRONTEND.md Project-lifecycle-Ticket.pdf Project_life_cycle_milestone_3.pdf README.md SETUP.md Testing_Plan.pdf Testing_plan_milestone_3.pdf assumptions.pdf build build.gradle config_template.json credits.md extract_coverage.sh gradle gradlew gradlew.bat images planning Milestone 3.pdf planning.pdf setup src uml_diagram.pdf uml_diagram_milestone_3.pdf Get more help at https://help.gradle.org BUILD FAILED in 14s

Test 18-6: Test saving with Swamp Tiles
SaveLoadTest > Test saving with Swamp Tiles FAILED java.lang.IllegalArgumentException at dungeonmania.DungeonManiaController.newGame(DungeonManiaController.java:42) at dungeonmania.automarkingM3.SaveLoadTest.testSaveSwampTiles(SaveLoadTest.java:117) FAILURE DONE 1 test completed, 1 failed FAILURE: Build failed with an exception. Assumptions_milestone3.pdf FRONTEND.md Project-lifecycle-Ticket.pdf Project_life_cycle_milestone_3.pdf README.md SETUP.md Testing_Plan.pdf Testing_plan_milestone_3.pdf assumptions.pdf build build.gradle config_template.json credits.md extract_coverage.sh gradle gradlew gradlew.bat images planning Milestone 3.pdf planning.pdf setup src uml_diagram.pdf uml_diagram_milestone_3.pdf What went wrong: Execution failed for task ':test'. > There were failing tests. See the report at: file:///H18A_ECLAIR/build/reports/tests/test/index.html Assumptions_milestone3.pdf FRONTEND.md Project-lifecycle-Ticket.pdf Project_life_cycle_milestone_3.pdf README.md SETUP.md Testing_Plan.pdf Testing_plan_milestone_3.pdf assumptions.pdf build build.gradle config_template.json credits.md extract_coverage.sh gradle gradlew gradlew.bat images planning Milestone 3.pdf planning.pdf setup src uml_diagram.pdf uml_diagram_milestone_3.pdf Try: > Run with --stacktrace option to get the stack trace. > Run with --info or --debug option to get more log output. > Run with --scan to get full insights. Assumptions_milestone3.pdf FRONTEND.md Project-lifecycle-Ticket.pdf Project_life_cycle_milestone_3.pdf README.md SETUP.md Testing_Plan.pdf Testing_plan_milestone_3.pdf assumptions.pdf build build.gradle config_template.json credits.md extract_coverage.sh gradle gradlew gradlew.bat images planning Milestone 3.pdf planning.pdf setup src uml_diagram.pdf uml_diagram_milestone_3.pdf Get more help at https://help.gradle.org BUILD FAILED in 13s

Test 18-7: Test saving then reloading a map twice consecutively
SUCCESS DONE

Test 18-8: Test that invincibility state is persistent across a save/load
SUCCESS DONE

Test 18-9: Test inventory remains consistent when saving and loading
SUCCESS DONE

Test 18-10: Test that invisibility state is persistent across a save/load
SUCCESS DONE

Test 18-11: Test saving and loading with bribing mercenary
SaveLoadTest > Test saving and loading with bribing mercenary FAILED org.opentest4j.AssertionFailedError: expected: <true> but was: <false> at app//org.junit.jupiter.api.AssertionUtils.fail(AssertionUtils.java:55) at app//org.junit.jupiter.api.AssertTrue.assertTrue(AssertTrue.java:40) at app//org.junit.jupiter.api.AssertTrue.assertTrue(AssertTrue.java:35) at app//org.junit.jupiter.api.Assertions.assertTrue(Assertions.java:179) at app//dungeonmania.automarkingM3.SaveLoadTest.bribingIsPersistent(SaveLoadTest.java:399) at app//dungeonmania.automarkingM3.SaveLoadTest.testSavingLoadingWithBribingMerc(SaveLoadTest.java:407) FAILURE DONE 1 test completed, 1 failed FAILURE: Build failed with an exception. Assumptions_milestone3.pdf FRONTEND.md Project-lifecycle-Ticket.pdf Project_life_cycle_milestone_3.pdf README.md SETUP.md Testing_Plan.pdf Testing_plan_milestone_3.pdf assumptions.pdf build build.gradle config_template.json credits.md extract_coverage.sh gradle gradlew gradlew.bat images planning Milestone 3.pdf planning.pdf setup src uml_diagram.pdf uml_diagram_milestone_3.pdf What went wrong: Execution failed for task ':test'. > There were failing tests. See the report at: file:///H18A_ECLAIR/build/reports/tests/test/index.html Assumptions_milestone3.pdf FRONTEND.md Project-lifecycle-Ticket.pdf Project_life_cycle_milestone_3.pdf README.md SETUP.md Testing_Plan.pdf Testing_plan_milestone_3.pdf assumptions.pdf build build.gradle config_template.json credits.md extract_coverage.sh gradle gradlew gradlew.bat images planning Milestone 3.pdf planning.pdf setup src uml_diagram.pdf uml_diagram_milestone_3.pdf Try: > Run with --stacktrace option to get the stack trace. > Run with --info or --debug option to get more log output. > Run with --scan to get full insights. Assumptions_milestone3.pdf FRONTEND.md Project-lifecycle-Ticket.pdf Project_life_cycle_milestone_3.pdf README.md SETUP.md Testing_Plan.pdf Testing_plan_milestone_3.pdf assumptions.pdf build build.gradle config_template.json credits.md extract_coverage.sh gradle gradlew gradlew.bat images planning Milestone 3.pdf planning.pdf setup src uml_diagram.pdf uml_diagram_milestone_3.pdf Get more help at https://help.gradle.org BUILD FAILED in 4s

Test 18-12: Test saving and loading with bribing assassin
SaveLoadTest > Test saving and loading with bribing assassin FAILED java.lang.NullPointerException at dungeonmania.Dungeon.tick(Dungeon.java:388) at dungeonmania.DungeonManiaController.tick(DungeonManiaController.java:66) at dungeonmania.automarkingM3.SaveLoadTest.bribingIsPersistent(SaveLoadTest.java:381) at dungeonmania.automarkingM3.SaveLoadTest.testSavingLoadingWithBribingAssassin(SaveLoadTest.java:414) FAILURE DONE 1 test completed, 1 failed FAILURE: Build failed with an exception. Assumptions_milestone3.pdf FRONTEND.md Project-lifecycle-Ticket.pdf Project_life_cycle_milestone_3.pdf README.md SETUP.md Testing_Plan.pdf Testing_plan_milestone_3.pdf assumptions.pdf build build.gradle config_template.json credits.md extract_coverage.sh gradle gradlew gradlew.bat images planning Milestone 3.pdf planning.pdf setup src uml_diagram.pdf uml_diagram_milestone_3.pdf What went wrong: Execution failed for task ':test'. > There were failing tests. See the report at: file:///H18A_ECLAIR/build/reports/tests/test/index.html Assumptions_milestone3.pdf FRONTEND.md Project-lifecycle-Ticket.pdf Project_life_cycle_milestone_3.pdf README.md SETUP.md Testing_Plan.pdf Testing_plan_milestone_3.pdf assumptions.pdf build build.gradle config_template.json credits.md extract_coverage.sh gradle gradlew gradlew.bat images planning Milestone 3.pdf planning.pdf setup src uml_diagram.pdf uml_diagram_milestone_3.pdf Try: > Run with --stacktrace option to get the stack trace. > Run with --info or --debug option to get more log output. > Run with --scan to get full insights. Assumptions_milestone3.pdf FRONTEND.md Project-lifecycle-Ticket.pdf Project_life_cycle_milestone_3.pdf README.md SETUP.md Testing_Plan.pdf Testing_plan_milestone_3.pdf assumptions.pdf build build.gradle config_template.json credits.md extract_coverage.sh gradle gradlew gradlew.bat images planning Milestone 3.pdf planning.pdf setup src uml_diagram.pdf uml_diagram_milestone_3.pdf Get more help at https://help.gradle.org BUILD FAILED in 20s

Test 18-13: Test key door relationship is maintained after saving
SUCCESS DONE

19. Time Travel

Test 19-1: Testing rewinding fails with illegal ticks
SUCCESS DONE

Test 19-2: Test picking up a time turner adds to inventory
SUCCESS DONE

Test 19-3: Test using a time turner 1 tick back
SUCCESS DONE

Test 19-4: Test using a time turner 5 ticks back
SUCCESS DONE

Test 19-5: Test time travel portals less than 30 ticks takes game back to beginning state
SUCCESS DONE

Test 19-6: Test time travel portals more than 30 ticks takes game back 30 ticks
SUCCESS DONE

Test 19-7: Test non player moving entities cannot move through time travel portal
SUCCESS DONE

Test 19-8: Test older self is present when time travelling through portal
SUCCESS DONE

Test 19-9: Test battle with older self occurs afters time travelling through portal
TimeTravelTest > Test battle with older self occurs afters time travelling through portal FAILED org.opentest4j.AssertionFailedError: expected: <older_player> but was: <player> at app//org.junit.jupiter.api.AssertionUtils.fail(AssertionUtils.java:55) at app//org.junit.jupiter.api.AssertionUtils.failNotEqual(AssertionUtils.java:62) at app//org.junit.jupiter.api.AssertEquals.assertEquals(AssertEquals.java:182) at app//org.junit.jupiter.api.AssertEquals.assertEquals(AssertEquals.java:177) at app//org.junit.jupiter.api.Assertions.assertEquals(Assertions.java:1141) at app//dungeonmania.automarkingM3.TimeTravelTest.testBattleOlderSelfTimeTravellingPortal(TimeTravelTest.java:288) FAILURE DONE 1 test completed, 1 failed FAILURE: Build failed with an exception. Assumptions_milestone3.pdf FRONTEND.md Project-lifecycle-Ticket.pdf Project_life_cycle_milestone_3.pdf README.md SETUP.md Testing_Plan.pdf Testing_plan_milestone_3.pdf assumptions.pdf build build.gradle config_template.json credits.md extract_coverage.sh gradle gradlew gradlew.bat images planning Milestone 3.pdf planning.pdf setup src uml_diagram.pdf uml_diagram_milestone_3.pdf What went wrong: Execution failed for task ':test'. > There were failing tests. See the report at: file:///H18A_ECLAIR/build/reports/tests/test/index.html Assumptions_milestone3.pdf FRONTEND.md Project-lifecycle-Ticket.pdf Project_life_cycle_milestone_3.pdf README.md SETUP.md Testing_Plan.pdf Testing_plan_milestone_3.pdf assumptions.pdf build build.gradle config_template.json credits.md extract_coverage.sh gradle gradlew gradlew.bat images planning Milestone 3.pdf planning.pdf setup src uml_diagram.pdf uml_diagram_milestone_3.pdf Try: > Run with --stacktrace option to get the stack trace. > Run with --info or --debug option to get more log output. > Run with --scan to get full insights. Assumptions_milestone3.pdf FRONTEND.md Project-lifecycle-Ticket.pdf Project_life_cycle_milestone_3.pdf README.md SETUP.md Testing_Plan.pdf Testing_plan_milestone_3.pdf assumptions.pdf build build.gradle config_template.json credits.md extract_coverage.sh gradle gradlew gradlew.bat images planning Milestone 3.pdf planning.pdf setup src uml_diagram.pdf uml_diagram_milestone_3.pdf Get more help at https://help.gradle.org BUILD FAILED in 14s

Test 19-10: Test time travelling portals don't teleport player
FAILED due to timeout...

Test 19-11: Test time travelling portals no battle with invisibility potion
TimeTravelTest > Test time travelling portals no battle with invisibility potion FAILED org.opentest4j.AssertionFailedError: expected: <0> but was: <1> at app//org.junit.jupiter.api.AssertionUtils.fail(AssertionUtils.java:55) at app//org.junit.jupiter.api.AssertionUtils.failNotEqual(AssertionUtils.java:62) at app//org.junit.jupiter.api.AssertEquals.assertEquals(AssertEquals.java:150) at app//org.junit.jupiter.api.AssertEquals.assertEquals(AssertEquals.java:145) at app//org.junit.jupiter.api.Assertions.assertEquals(Assertions.java:527) at app//dungeonmania.automarkingM3.TimeTravelTest.testTimeTravellingPortalNoBattleInvisibilityPotion(TimeTravelTest.java:350) FAILURE DONE 1 test completed, 1 failed FAILURE: Build failed with an exception. Assumptions_milestone3.pdf FRONTEND.md Project-lifecycle-Ticket.pdf Project_life_cycle_milestone_3.pdf README.md SETUP.md Testing_Plan.pdf Testing_plan_milestone_3.pdf assumptions.pdf build build.gradle config_template.json credits.md extract_coverage.sh gradle gradlew gradlew.bat images planning Milestone 3.pdf planning.pdf setup src uml_diagram.pdf uml_diagram_milestone_3.pdf What went wrong: Execution failed for task ':test'. > There were failing tests. See the report at: file:///H18A_ECLAIR/build/reports/tests/test/index.html Assumptions_milestone3.pdf FRONTEND.md Project-lifecycle-Ticket.pdf Project_life_cycle_milestone_3.pdf README.md SETUP.md Testing_Plan.pdf Testing_plan_milestone_3.pdf assumptions.pdf build build.gradle config_template.json credits.md extract_coverage.sh gradle gradlew gradlew.bat images planning Milestone 3.pdf planning.pdf setup src uml_diagram.pdf uml_diagram_milestone_3.pdf Try: > Run with --stacktrace option to get the stack trace. > Run with --info or --debug option to get more log output. > Run with --scan to get full insights. Assumptions_milestone3.pdf FRONTEND.md Project-lifecycle-Ticket.pdf Project_life_cycle_milestone_3.pdf README.md SETUP.md Testing_Plan.pdf Testing_plan_milestone_3.pdf assumptions.pdf build build.gradle config_template.json credits.md extract_coverage.sh gradle gradlew gradlew.bat images planning Milestone 3.pdf planning.pdf setup src uml_diagram.pdf uml_diagram_milestone_3.pdf Get more help at https://help.gradle.org BUILD FAILED in 14s

Test 19-12: Test older self follows correct path
SUCCESS DONE

Test 19-14: Test no battle with older self if sunstone in inventory
TimeTravelTest > Test no battle with older self if sunstone in inventory FAILED org.opentest4j.AssertionFailedError: expected: <0> but was: <1> at app//org.junit.jupiter.api.AssertionUtils.fail(AssertionUtils.java:55) at app//org.junit.jupiter.api.AssertionUtils.failNotEqual(AssertionUtils.java:62) at app//org.junit.jupiter.api.AssertEquals.assertEquals(AssertEquals.java:150) at app//org.junit.jupiter.api.AssertEquals.assertEquals(AssertEquals.java:145) at app//org.junit.jupiter.api.Assertions.assertEquals(Assertions.java:527) at app//dungeonmania.automarkingM3.TimeTravelTest.testOlderSelfTimeTravellingPortalNoBattleWithSunstone(TimeTravelTest.java:468) FAILURE DONE 1 test completed, 1 failed FAILURE: Build failed with an exception. Assumptions_milestone3.pdf FRONTEND.md Project-lifecycle-Ticket.pdf Project_life_cycle_milestone_3.pdf README.md SETUP.md Testing_Plan.pdf Testing_plan_milestone_3.pdf assumptions.pdf build build.gradle config_template.json credits.md extract_coverage.sh gradle gradlew gradlew.bat images planning Milestone 3.pdf planning.pdf setup src uml_diagram.pdf uml_diagram_milestone_3.pdf What went wrong: Execution failed for task ':test'. > There were failing tests. See the report at: file:///H18A_ECLAIR/build/reports/tests/test/index.html Assumptions_milestone3.pdf FRONTEND.md Project-lifecycle-Ticket.pdf Project_life_cycle_milestone_3.pdf README.md SETUP.md Testing_Plan.pdf Testing_plan_milestone_3.pdf assumptions.pdf build build.gradle config_template.json credits.md extract_coverage.sh gradle gradlew gradlew.bat images planning Milestone 3.pdf planning.pdf setup src uml_diagram.pdf uml_diagram_milestone_3.pdf Try: > Run with --stacktrace option to get the stack trace. > Run with --info or --debug option to get more log output. > Run with --scan to get full insights. Assumptions_milestone3.pdf FRONTEND.md Project-lifecycle-Ticket.pdf Project_life_cycle_milestone_3.pdf README.md SETUP.md Testing_Plan.pdf Testing_plan_milestone_3.pdf assumptions.pdf build build.gradle config_template.json credits.md extract_coverage.sh gradle gradlew gradlew.bat images planning Milestone 3.pdf planning.pdf setup src uml_diagram.pdf uml_diagram_milestone_3.pdf Get more help at https://help.gradle.org BUILD FAILED in 13s

Test 19-15: Test no battle with older self if midnight armour in inventory
TimeTravelTest > Test no battle with older self if midnight armour in inventory FAILED org.opentest4j.AssertionFailedError: expected: <0> but was: <1> at app//org.junit.jupiter.api.AssertionUtils.fail(AssertionUtils.java:55) at app//org.junit.jupiter.api.AssertionUtils.failNotEqual(AssertionUtils.java:62) at app//org.junit.jupiter.api.AssertEquals.assertEquals(AssertEquals.java:150) at app//org.junit.jupiter.api.AssertEquals.assertEquals(AssertEquals.java:145) at app//org.junit.jupiter.api.Assertions.assertEquals(Assertions.java:527) at app//dungeonmania.automarkingM3.TimeTravelTest.testOlderSelfTimeTravellingPortalNoBattleWithMidnightArmour(TimeTravelTest.java:501) FAILURE DONE 1 test completed, 1 failed FAILURE: Build failed with an exception. Assumptions_milestone3.pdf FRONTEND.md Project-lifecycle-Ticket.pdf Project_life_cycle_milestone_3.pdf README.md SETUP.md Testing_Plan.pdf Testing_plan_milestone_3.pdf assumptions.pdf build build.gradle config_template.json credits.md extract_coverage.sh gradle gradlew gradlew.bat images planning Milestone 3.pdf planning.pdf setup src uml_diagram.pdf uml_diagram_milestone_3.pdf What went wrong: Execution failed for task ':test'. > There were failing tests. See the report at: file:///H18A_ECLAIR/build/reports/tests/test/index.html Assumptions_milestone3.pdf FRONTEND.md Project-lifecycle-Ticket.pdf Project_life_cycle_milestone_3.pdf README.md SETUP.md Testing_Plan.pdf Testing_plan_milestone_3.pdf assumptions.pdf build build.gradle config_template.json credits.md extract_coverage.sh gradle gradlew gradlew.bat images planning Milestone 3.pdf planning.pdf setup src uml_diagram.pdf uml_diagram_milestone_3.pdf Try: > Run with --stacktrace option to get the stack trace. > Run with --info or --debug option to get more log output. > Run with --scan to get full insights. Assumptions_milestone3.pdf FRONTEND.md Project-lifecycle-Ticket.pdf Project_life_cycle_milestone_3.pdf README.md SETUP.md Testing_Plan.pdf Testing_plan_milestone_3.pdf assumptions.pdf build build.gradle config_template.json credits.md extract_coverage.sh gradle gradlew gradlew.bat images planning Milestone 3.pdf planning.pdf setup src uml_diagram.pdf uml_diagram_milestone_3.pdf Get more help at https://help.gradle.org BUILD FAILED in 13s

Test 19-16: Test battle with older self if sunstone not in inventory
SUCCESS DONE

Test 19-17: Test saving with Time Travel Extensions entities
SUCCESS DONE

Test 19-18: Test save load with time travel portal - before time travel
SUCCESS DONE

Test 19-19: Test save load with time travel portal - after time travel
SUCCESS DONE

Test 19-20: Test save before time travelling
SUCCESS DONE

Test 19-21: Test game continues as normal after time travel then immediately save
SUCCESS DONE

20. Logical Switches

Test 20-1: Test turning on a light bulb
LogicGatesTest > Test turning on a light bulb FAILED org.opentest4j.AssertionFailedError: expected: <0> but was: <1> at app//org.junit.jupiter.api.AssertionUtils.fail(AssertionUtils.java:55) at app//org.junit.jupiter.api.AssertionUtils.failNotEqual(AssertionUtils.java:62) at app//org.junit.jupiter.api.AssertEquals.assertEquals(AssertEquals.java:150) at app//org.junit.jupiter.api.AssertEquals.assertEquals(AssertEquals.java:145) at app//org.junit.jupiter.api.Assertions.assertEquals(Assertions.java:527) at app//dungeonmania.automarkingM3.LogicGatesTest.TurnOnLightBulb(LogicGatesTest.java:42) FAILURE DONE 1 test completed, 1 failed FAILURE: Build failed with an exception. Assumptions_milestone3.pdf FRONTEND.md Project-lifecycle-Ticket.pdf Project_life_cycle_milestone_3.pdf README.md SETUP.md Testing_Plan.pdf Testing_plan_milestone_3.pdf assumptions.pdf build build.gradle config_template.json credits.md extract_coverage.sh gradle gradlew gradlew.bat images planning Milestone 3.pdf planning.pdf setup src uml_diagram.pdf uml_diagram_milestone_3.pdf What went wrong: Execution failed for task ':test'. > There were failing tests. See the report at: file:///H18A_ECLAIR/build/reports/tests/test/index.html Assumptions_milestone3.pdf FRONTEND.md Project-lifecycle-Ticket.pdf Project_life_cycle_milestone_3.pdf README.md SETUP.md Testing_Plan.pdf Testing_plan_milestone_3.pdf assumptions.pdf build build.gradle config_template.json credits.md extract_coverage.sh gradle gradlew gradlew.bat images planning Milestone 3.pdf planning.pdf setup src uml_diagram.pdf uml_diagram_milestone_3.pdf Try: > Run with --stacktrace option to get the stack trace. > Run with --info or --debug option to get more log output. > Run with --scan to get full insights. Assumptions_milestone3.pdf FRONTEND.md Project-lifecycle-Ticket.pdf Project_life_cycle_milestone_3.pdf README.md SETUP.md Testing_Plan.pdf Testing_plan_milestone_3.pdf assumptions.pdf build build.gradle config_template.json credits.md extract_coverage.sh gradle gradlew gradlew.bat images planning Milestone 3.pdf planning.pdf setup src uml_diagram.pdf uml_diagram_milestone_3.pdf Get more help at https://help.gradle.org BUILD FAILED in 18s

Test 20-2: Test activating a wire and exploding a bomb
LogicGatesTest > Test activating a wire and exploding a bomb FAILED org.opentest4j.AssertionFailedError: expected: <0> but was: <1> at app//org.junit.jupiter.api.AssertionUtils.fail(AssertionUtils.java:55) at app//org.junit.jupiter.api.AssertionUtils.failNotEqual(AssertionUtils.java:62) at app//org.junit.jupiter.api.AssertEquals.assertEquals(AssertEquals.java:150) at app//org.junit.jupiter.api.AssertEquals.assertEquals(AssertEquals.java:145) at app//org.junit.jupiter.api.Assertions.assertEquals(Assertions.java:527) at app//dungeonmania.automarkingM3.LogicGatesTest.ActivateWireAndExplodeBomb(LogicGatesTest.java:73) FAILURE DONE 1 test completed, 1 failed FAILURE: Build failed with an exception. Assumptions_milestone3.pdf FRONTEND.md Project-lifecycle-Ticket.pdf Project_life_cycle_milestone_3.pdf README.md SETUP.md Testing_Plan.pdf Testing_plan_milestone_3.pdf assumptions.pdf build build.gradle config_template.json credits.md extract_coverage.sh gradle gradlew gradlew.bat images planning Milestone 3.pdf planning.pdf setup src uml_diagram.pdf uml_diagram_milestone_3.pdf What went wrong: Execution failed for task ':test'. > There were failing tests. See the report at: file:///H18A_ECLAIR/build/reports/tests/test/index.html Assumptions_milestone3.pdf FRONTEND.md Project-lifecycle-Ticket.pdf Project_life_cycle_milestone_3.pdf README.md SETUP.md Testing_Plan.pdf Testing_plan_milestone_3.pdf assumptions.pdf build build.gradle config_template.json credits.md extract_coverage.sh gradle gradlew gradlew.bat images planning Milestone 3.pdf planning.pdf setup src uml_diagram.pdf uml_diagram_milestone_3.pdf Try: > Run with --stacktrace option to get the stack trace. > Run with --info or --debug option to get more log output. > Run with --scan to get full insights. Assumptions_milestone3.pdf FRONTEND.md Project-lifecycle-Ticket.pdf Project_life_cycle_milestone_3.pdf README.md SETUP.md Testing_Plan.pdf Testing_plan_milestone_3.pdf assumptions.pdf build build.gradle config_template.json credits.md extract_coverage.sh gradle gradlew gradlew.bat images planning Milestone 3.pdf planning.pdf setup src uml_diagram.pdf uml_diagram_milestone_3.pdf Get more help at https://help.gradle.org BUILD FAILED in 16s

Test 20-3: Test complex logic switches with AND light bulb
LogicGatesTest > Test complex logic switches with AND light bulb FAILED org.opentest4j.AssertionFailedError: expected: <0> but was: <1> at app//org.junit.jupiter.api.AssertionUtils.fail(AssertionUtils.java:55) at app//org.junit.jupiter.api.AssertionUtils.failNotEqual(AssertionUtils.java:62) at app//org.junit.jupiter.api.AssertEquals.assertEquals(AssertEquals.java:150) at app//org.junit.jupiter.api.AssertEquals.assertEquals(AssertEquals.java:145) at app//org.junit.jupiter.api.Assertions.assertEquals(Assertions.java:527) at app//dungeonmania.automarkingM3.LogicGatesTest.LightBulbAnd(LogicGatesTest.java:104) FAILURE DONE 1 test completed, 1 failed FAILURE: Build failed with an exception. Assumptions_milestone3.pdf FRONTEND.md Project-lifecycle-Ticket.pdf Project_life_cycle_milestone_3.pdf README.md SETUP.md Testing_Plan.pdf Testing_plan_milestone_3.pdf assumptions.pdf build build.gradle config_template.json credits.md extract_coverage.sh gradle gradlew gradlew.bat images planning Milestone 3.pdf planning.pdf setup src uml_diagram.pdf uml_diagram_milestone_3.pdf What went wrong: Execution failed for task ':test'. > There were failing tests. See the report at: file:///H18A_ECLAIR/build/reports/tests/test/index.html Assumptions_milestone3.pdf FRONTEND.md Project-lifecycle-Ticket.pdf Project_life_cycle_milestone_3.pdf README.md SETUP.md Testing_Plan.pdf Testing_plan_milestone_3.pdf assumptions.pdf build build.gradle config_template.json credits.md extract_coverage.sh gradle gradlew gradlew.bat images planning Milestone 3.pdf planning.pdf setup src uml_diagram.pdf uml_diagram_milestone_3.pdf Try: > Run with --stacktrace option to get the stack trace. > Run with --info or --debug option to get more log output. > Run with --scan to get full insights. Assumptions_milestone3.pdf FRONTEND.md Project-lifecycle-Ticket.pdf Project_life_cycle_milestone_3.pdf README.md SETUP.md Testing_Plan.pdf Testing_plan_milestone_3.pdf assumptions.pdf build build.gradle config_template.json credits.md extract_coverage.sh gradle gradlew gradlew.bat images planning Milestone 3.pdf planning.pdf setup src uml_diagram.pdf uml_diagram_milestone_3.pdf Get more help at https://help.gradle.org BUILD FAILED in 18s

Test 20-4: Test complex logic switches with XOR light bulb
SUCCESS DONE

Test 20-5: Test complex logic switches with CO_AND light bulb
LogicGatesTest > Test complex logic switches with CO_AND light bulb FAILED org.opentest4j.AssertionFailedError: expected: <0> but was: <1> at app//org.junit.jupiter.api.AssertionUtils.fail(AssertionUtils.java:55) at app//org.junit.jupiter.api.AssertionUtils.failNotEqual(AssertionUtils.java:62) at app//org.junit.jupiter.api.AssertEquals.assertEquals(AssertEquals.java:150) at app//org.junit.jupiter.api.AssertEquals.assertEquals(AssertEquals.java:145) at app//org.junit.jupiter.api.Assertions.assertEquals(Assertions.java:527) at app//dungeonmania.automarkingM3.LogicGatesTest.LightBulbCoAnd(LogicGatesTest.java:143) FAILURE DONE 1 test completed, 1 failed FAILURE: Build failed with an exception. Assumptions_milestone3.pdf FRONTEND.md Project-lifecycle-Ticket.pdf Project_life_cycle_milestone_3.pdf README.md SETUP.md Testing_Plan.pdf Testing_plan_milestone_3.pdf assumptions.pdf build build.gradle config_template.json credits.md extract_coverage.sh gradle gradlew gradlew.bat images planning Milestone 3.pdf planning.pdf setup src uml_diagram.pdf uml_diagram_milestone_3.pdf What went wrong: Execution failed for task ':test'. > There were failing tests. See the report at: file:///H18A_ECLAIR/build/reports/tests/test/index.html Assumptions_milestone3.pdf FRONTEND.md Project-lifecycle-Ticket.pdf Project_life_cycle_milestone_3.pdf README.md SETUP.md Testing_Plan.pdf Testing_plan_milestone_3.pdf assumptions.pdf build build.gradle config_template.json credits.md extract_coverage.sh gradle gradlew gradlew.bat images planning Milestone 3.pdf planning.pdf setup src uml_diagram.pdf uml_diagram_milestone_3.pdf Try: > Run with --stacktrace option to get the stack trace. > Run with --info or --debug option to get more log output. > Run with --scan to get full insights. Assumptions_milestone3.pdf FRONTEND.md Project-lifecycle-Ticket.pdf Project_life_cycle_milestone_3.pdf README.md SETUP.md Testing_Plan.pdf Testing_plan_milestone_3.pdf assumptions.pdf build build.gradle config_template.json credits.md extract_coverage.sh gradle gradlew gradlew.bat images planning Milestone 3.pdf planning.pdf setup src uml_diagram.pdf uml_diagram_milestone_3.pdf Get more help at https://help.gradle.org BUILD FAILED in 13s

Test 20-6: Test opening a switch door
LogicGatesTest > Test opening a switch door FAILED org.opentest4j.AssertionFailedError: expected: not equal but was: <Position [x=2, y=2, z=0]> at app//org.junit.jupiter.api.AssertionUtils.fail(AssertionUtils.java:39) at app//org.junit.jupiter.api.AssertNotEquals.failEqual(AssertNotEquals.java:276) at app//org.junit.jupiter.api.AssertNotEquals.assertNotEquals(AssertNotEquals.java:265) at app//org.junit.jupiter.api.AssertNotEquals.assertNotEquals(AssertNotEquals.java:260) at app//org.junit.jupiter.api.Assertions.assertNotEquals(Assertions.java:2815) at app//dungeonmania.automarkingM3.LogicGatesTest.SwitchDoor(LogicGatesTest.java:171) FAILURE DONE 1 test completed, 1 failed FAILURE: Build failed with an exception. Assumptions_milestone3.pdf FRONTEND.md Project-lifecycle-Ticket.pdf Project_life_cycle_milestone_3.pdf README.md SETUP.md Testing_Plan.pdf Testing_plan_milestone_3.pdf assumptions.pdf build build.gradle config_template.json credits.md extract_coverage.sh gradle gradlew gradlew.bat images planning Milestone 3.pdf planning.pdf setup src uml_diagram.pdf uml_diagram_milestone_3.pdf What went wrong: Execution failed for task ':test'. > There were failing tests. See the report at: file:///H18A_ECLAIR/build/reports/tests/test/index.html Assumptions_milestone3.pdf FRONTEND.md Project-lifecycle-Ticket.pdf Project_life_cycle_milestone_3.pdf README.md SETUP.md Testing_Plan.pdf Testing_plan_milestone_3.pdf assumptions.pdf build build.gradle config_template.json credits.md extract_coverage.sh gradle gradlew gradlew.bat images planning Milestone 3.pdf planning.pdf setup src uml_diagram.pdf uml_diagram_milestone_3.pdf Try: > Run with --stacktrace option to get the stack trace. > Run with --info or --debug option to get more log output. > Run with --scan to get full insights. Assumptions_milestone3.pdf FRONTEND.md Project-lifecycle-Ticket.pdf Project_life_cycle_milestone_3.pdf README.md SETUP.md Testing_Plan.pdf Testing_plan_milestone_3.pdf assumptions.pdf build build.gradle config_template.json credits.md extract_coverage.sh gradle gradlew gradlew.bat images planning Milestone 3.pdf planning.pdf setup src uml_diagram.pdf uml_diagram_milestone_3.pdf Get more help at https://help.gradle.org BUILD FAILED in 13s

Test 20-7: Test an XOR switch door does not remain open
LogicGatesTest > Test an XOR switch door does not remain open FAILED org.opentest4j.AssertionFailedError: expected: not equal but was: <Position [x=2, y=2, z=0]> at app//org.junit.jupiter.api.AssertionUtils.fail(AssertionUtils.java:39) at app//org.junit.jupiter.api.AssertNotEquals.failEqual(AssertNotEquals.java:276) at app//org.junit.jupiter.api.AssertNotEquals.assertNotEquals(AssertNotEquals.java:265) at app//org.junit.jupiter.api.AssertNotEquals.assertNotEquals(AssertNotEquals.java:260) at app//org.junit.jupiter.api.Assertions.assertNotEquals(Assertions.java:2815) at app//dungeonmania.automarkingM3.LogicGatesTest.SwitchDoorCloses(LogicGatesTest.java:202) FAILURE DONE 1 test completed, 1 failed FAILURE: Build failed with an exception. Assumptions_milestone3.pdf FRONTEND.md Project-lifecycle-Ticket.pdf Project_life_cycle_milestone_3.pdf README.md SETUP.md Testing_Plan.pdf Testing_plan_milestone_3.pdf assumptions.pdf build build.gradle config_template.json credits.md extract_coverage.sh gradle gradlew gradlew.bat images planning Milestone 3.pdf planning.pdf setup src uml_diagram.pdf uml_diagram_milestone_3.pdf What went wrong: Execution failed for task ':test'. > There were failing tests. See the report at: file:///H18A_ECLAIR/build/reports/tests/test/index.html Assumptions_milestone3.pdf FRONTEND.md Project-lifecycle-Ticket.pdf Project_life_cycle_milestone_3.pdf README.md SETUP.md Testing_Plan.pdf Testing_plan_milestone_3.pdf assumptions.pdf build build.gradle config_template.json credits.md extract_coverage.sh gradle gradlew gradlew.bat images planning Milestone 3.pdf planning.pdf setup src uml_diagram.pdf uml_diagram_milestone_3.pdf Try: > Run with --stacktrace option to get the stack trace. > Run with --info or --debug option to get more log output. > Run with --scan to get full insights. Assumptions_milestone3.pdf FRONTEND.md Project-lifecycle-Ticket.pdf Project_life_cycle_milestone_3.pdf README.md SETUP.md Testing_Plan.pdf Testing_plan_milestone_3.pdf assumptions.pdf build build.gradle config_template.json credits.md extract_coverage.sh gradle gradlew gradlew.bat images planning Milestone 3.pdf planning.pdf setup src uml_diagram.pdf uml_diagram_milestone_3.pdf Get more help at https://help.gradle.org BUILD FAILED in 12s

Test 20-8: Test activating one switch actives and interconnected Or Switch
LogicGatesTest > Test activating one switch actives and interconnected Or Switch FAILED org.opentest4j.AssertionFailedError: expected: <0> but was: <1> at app//org.junit.jupiter.api.AssertionUtils.fail(AssertionUtils.java:55) at app//org.junit.jupiter.api.AssertionUtils.failNotEqual(AssertionUtils.java:62) at app//org.junit.jupiter.api.AssertEquals.assertEquals(AssertEquals.java:150) at app//org.junit.jupiter.api.AssertEquals.assertEquals(AssertEquals.java:145) at app//org.junit.jupiter.api.Assertions.assertEquals(Assertions.java:527) at app//dungeonmania.automarkingM3.LogicGatesTest.ActivateOrSwitch(LogicGatesTest.java:233) FAILURE DONE 1 test completed, 1 failed FAILURE: Build failed with an exception. Assumptions_milestone3.pdf FRONTEND.md Project-lifecycle-Ticket.pdf Project_life_cycle_milestone_3.pdf README.md SETUP.md Testing_Plan.pdf Testing_plan_milestone_3.pdf assumptions.pdf build build.gradle config_template.json credits.md extract_coverage.sh gradle gradlew gradlew.bat images planning Milestone 3.pdf planning.pdf setup src uml_diagram.pdf uml_diagram_milestone_3.pdf What went wrong: Execution failed for task ':test'. > There were failing tests. See the report at: file:///H18A_ECLAIR/build/reports/tests/test/index.html Assumptions_milestone3.pdf FRONTEND.md Project-lifecycle-Ticket.pdf Project_life_cycle_milestone_3.pdf README.md SETUP.md Testing_Plan.pdf Testing_plan_milestone_3.pdf assumptions.pdf build build.gradle config_template.json credits.md extract_coverage.sh gradle gradlew gradlew.bat images planning Milestone 3.pdf planning.pdf setup src uml_diagram.pdf uml_diagram_milestone_3.pdf Try: > Run with --stacktrace option to get the stack trace. > Run with --info or --debug option to get more log output. > Run with --scan to get full insights. Assumptions_milestone3.pdf FRONTEND.md Project-lifecycle-Ticket.pdf Project_life_cycle_milestone_3.pdf README.md SETUP.md Testing_Plan.pdf Testing_plan_milestone_3.pdf assumptions.pdf build build.gradle config_template.json credits.md extract_coverage.sh gradle gradlew gradlew.bat images planning Milestone 3.pdf planning.pdf setup src uml_diagram.pdf uml_diagram_milestone_3.pdf Get more help at https://help.gradle.org BUILD FAILED in 14s

21. Dungeon Generation

Test 21-1: Testing dungeon generation throws exception with invalid config file
SUCCESS DONE

Test 21-2: Testing dungeon generation creates reasonable proportion of walls
SUCCESS DONE

Test 21-3: Testing generated dungeons are solvable
SUCCESS DONE

Test 21-4: Testing all non-wall grids are reachable
SUCCESS DONE

Test 21-5: Testing there's a surrounding wall
SUCCESS DONE

Test 21-6: Testing the generated game can be saved & loaded
SUCCESS DONE

Test 21-7: Testing player can win
SUCCESS DONE

Test 21-8: Testing large tests are unlikely to be the same
SUCCESS DONE

22. Hidden Tests

